TN:
SF:src/AccessController.sol
DA:64,66
FN:64,AccessController.constructor
FNDA:66,AccessController.constructor
DA:65,66
DA:68,66
DA:69,66
BRDA:69,0,0,-
BRDA:69,0,1,-
DA:72,66
DA:75,66
DA:76,66
DA:79,66
DA:80,66
DA:83,66
DA:84,66
DA:85,66
DA:86,66
DA:87,66
DA:88,66
DA:89,66
DA:101,0
FN:101,AccessController.setRoleAdmin
FNDA:0,AccessController.setRoleAdmin
DA:102,0
DA:109,66
FN:109,AccessController.addMonitor
FNDA:66,AccessController.addMonitor
DA:110,66
DA:111,66
DA:114,0
FN:114,AccessController.removeMonitor
FNDA:0,AccessController.removeMonitor
DA:115,0
DA:116,0
DA:119,51
FN:119,AccessController.isMonitor
FNDA:51,AccessController.isMonitor
DA:120,51
DA:125,66
FN:125,AccessController.addCronJob
FNDA:66,AccessController.addCronJob
DA:126,66
DA:127,66
DA:130,0
FN:130,AccessController.removeCronJob
FNDA:0,AccessController.removeCronJob
DA:131,0
DA:132,0
DA:135,0
FN:135,AccessController.isCronJob
FNDA:0,AccessController.isCronJob
DA:136,0
DA:142,0
FN:142,AccessController.addMonitorAdmin
FNDA:0,AccessController.addMonitorAdmin
DA:143,0
DA:144,0
DA:147,0
FN:147,AccessController.removeMonitorAdmin
FNDA:0,AccessController.removeMonitorAdmin
DA:148,0
DA:149,0
DA:152,0
FN:152,AccessController.isMonitorAdmin
FNDA:0,AccessController.isMonitorAdmin
DA:153,0
DA:157,0
FN:157,AccessController.addCronJobAdmin
FNDA:0,AccessController.addCronJobAdmin
DA:158,0
DA:159,0
DA:162,0
FN:162,AccessController.removeCronJobAdmin
FNDA:0,AccessController.removeCronJobAdmin
DA:163,0
DA:164,0
DA:167,0
FN:167,AccessController.isCronJobAdmin
FNDA:0,AccessController.isCronJobAdmin
DA:168,0
DA:174,0
FN:174,AccessController.addIssuerStakingControllerAdmin
FNDA:0,AccessController.addIssuerStakingControllerAdmin
DA:175,0
DA:176,0
DA:179,0
FN:179,AccessController.removeIssuerStakingControllerAdmin
FNDA:0,AccessController.removeIssuerStakingControllerAdmin
DA:180,0
DA:181,0
DA:184,104
FN:184,AccessController.isIssuerStakingControllerAdmin
FNDA:104,AccessController.isIssuerStakingControllerAdmin
DA:185,104
DA:191,0
FN:191,AccessController.addPaymentsControllerAdmin
FNDA:0,AccessController.addPaymentsControllerAdmin
DA:192,0
DA:193,0
DA:196,0
FN:196,AccessController.removePaymentsControllerAdmin
FNDA:0,AccessController.removePaymentsControllerAdmin
DA:197,0
DA:198,0
DA:202,0
FN:202,AccessController.isPaymentsControllerAdmin
FNDA:0,AccessController.isPaymentsControllerAdmin
DA:203,0
DA:209,0
FN:209,AccessController.addVotingControllerAdmin
FNDA:0,AccessController.addVotingControllerAdmin
DA:210,0
DA:211,0
DA:214,0
FN:214,AccessController.removeVotingControllerAdmin
FNDA:0,AccessController.removeVotingControllerAdmin
DA:215,0
DA:216,0
DA:219,0
FN:219,AccessController.isVotingControllerAdmin
FNDA:0,AccessController.isVotingControllerAdmin
DA:220,0
DA:226,0
FN:226,AccessController.addVotingEscrowMocaAdmin
FNDA:0,AccessController.addVotingEscrowMocaAdmin
DA:227,0
DA:228,0
DA:231,0
FN:231,AccessController.removeVotingEscrowMocaAdmin
FNDA:0,AccessController.removeVotingEscrowMocaAdmin
DA:232,0
DA:233,0
DA:236,0
FN:236,AccessController.isVotingEscrowMocaAdmin
FNDA:0,AccessController.isVotingEscrowMocaAdmin
DA:237,0
DA:242,0
FN:242,AccessController.addEscrowedMocaAdmin
FNDA:0,AccessController.addEscrowedMocaAdmin
DA:243,0
DA:244,0
DA:247,0
FN:247,AccessController.removeEscrowedMocaAdmin
FNDA:0,AccessController.removeEscrowedMocaAdmin
DA:248,0
DA:249,0
DA:252,66
FN:252,AccessController.isEscrowedMocaAdmin
FNDA:66,AccessController.isEscrowedMocaAdmin
DA:253,66
DA:258,0
FN:258,AccessController.addAssetManager
FNDA:0,AccessController.addAssetManager
DA:259,0
DA:260,0
DA:263,0
FN:263,AccessController.removeAssetManager
FNDA:0,AccessController.removeAssetManager
DA:264,0
DA:265,0
DA:268,0
FN:268,AccessController.isAssetManager
FNDA:0,AccessController.isAssetManager
DA:269,0
DA:274,0
FN:274,AccessController.addEmergencyExitHandler
FNDA:0,AccessController.addEmergencyExitHandler
DA:275,0
DA:276,0
DA:279,0
FN:279,AccessController.removeEmergencyExitHandler
FNDA:0,AccessController.removeEmergencyExitHandler
DA:280,0
DA:281,0
DA:285,7
FN:285,AccessController.isEmergencyExitHandler
FNDA:7,AccessController.isEmergencyExitHandler
DA:286,7
DA:291,42
FN:291,AccessController.isGlobalAdmin
FNDA:42,AccessController.isGlobalAdmin
DA:292,42
DA:303,0
FN:303,AccessController.transferGlobalAdminFromAddressBook
FNDA:0,AccessController.transferGlobalAdminFromAddressBook
DA:305,0
BRDA:305,1,0,-
BRDA:305,1,1,-
DA:308,0
BRDA:308,2,0,-
BRDA:308,2,1,-
DA:311,0
DA:314,0
DA:316,0
DA:322,0
FN:322,AccessController.noZeroAddress
FNDA:0,AccessController.noZeroAddress
DA:323,0
BRDA:323,3,0,-
BRDA:323,3,1,-
DA:329,0
FN:329,AccessController.getAddressBook
FNDA:0,AccessController.getAddressBook
DA:330,0
FNF:39
FNH:8
LF:118
LH:32
BRF:8
BRH:0
end_of_record
TN:
SF:src/AddressBook.sol
DA:54,66
FN:54,AddressBook.constructor
FNDA:66,AddressBook.constructor
DA:55,66
BRDA:55,0,0,-
BRDA:55,0,1,-
DA:58,66
DA:72,528
FN:72,AddressBook.setAddress
FNDA:528,AddressBook.setAddress
DA:74,528
BRDA:74,1,0,-
BRDA:74,1,1,-
DA:76,528
BRDA:76,2,0,-
BRDA:76,2,1,-
DA:78,528
DA:80,528
DA:89,66
FN:89,AddressBook._transferOwnership
FNDA:66,AddressBook._transferOwnership
DA:90,66
DA:93,66
DA:96,66
DA:99,66
DA:100,66
BRDA:100,3,0,-
DA:103,0
DA:106,66
DA:118,0
FN:118,AddressBook.getAddress
FNDA:0,AddressBook.getAddress
DA:119,0
DA:122,0
FN:122,AddressBook.getMocaNativeAdapter
FNDA:0,AddressBook.getMocaNativeAdapter
DA:123,0
DA:126,0
FN:126,AddressBook.getUSD8
FNDA:0,AddressBook.getUSD8
DA:127,0
DA:130,113
FN:130,AddressBook.getMoca
FNDA:113,AddressBook.getMoca
DA:131,113
DA:134,0
FN:134,AddressBook.getEscrowedMoca
FNDA:0,AddressBook.getEscrowedMoca
DA:135,0
DA:138,0
FN:138,AddressBook.getVotingEscrowMoca
FNDA:0,AddressBook.getVotingEscrowMoca
DA:139,0
DA:142,269
FN:142,AddressBook.getAccessController
FNDA:269,AddressBook.getAccessController
DA:143,269
DA:146,0
FN:146,AddressBook.getVotingController
FNDA:0,AddressBook.getVotingController
DA:147,0
DA:150,0
FN:150,AddressBook.getPaymentsController
FNDA:0,AddressBook.getPaymentsController
DA:151,0
DA:154,0
FN:154,AddressBook.getIssuerStakingController
FNDA:0,AddressBook.getIssuerStakingController
DA:155,0
DA:158,0
FN:158,AddressBook.getTreasury
FNDA:0,AddressBook.getTreasury
DA:159,0
DA:162,66
FN:162,AddressBook.getGlobalAdmin
FNDA:66,AddressBook.getGlobalAdmin
DA:163,66
DA:166,0
FN:166,AddressBook.getRouter
FNDA:0,AddressBook.getRouter
DA:167,0
DA:178,0
FN:178,AddressBook.pause
FNDA:0,AddressBook.pause
DA:179,0
BRDA:179,4,0,-
DA:180,0
DA:187,0
FN:187,AddressBook.unpause
FNDA:0,AddressBook.unpause
DA:188,0
BRDA:188,5,0,-
DA:189,0
DA:197,0
FN:197,AddressBook.freeze
FNDA:0,AddressBook.freeze
DA:198,0
BRDA:198,6,0,-
DA:199,0
DA:200,0
FNF:19
FNH:6
LF:52
LH:21
BRF:10
BRH:0
end_of_record
TN:
SF:src/EscrowedMoca.sol
DA:62,66
FN:62,EscrowedMoca.constructor
FNDA:66,EscrowedMoca.constructor
DA:64,66
BRDA:64,0,0,-
BRDA:64,0,1,-
DA:65,66
DA:67,66
BRDA:67,1,0,-
BRDA:67,1,1,-
DA:68,66
BRDA:68,2,0,-
BRDA:68,2,1,-
DA:69,66
DA:81,0
FN:81,EscrowedMoca.escrowMoca
FNDA:0,EscrowedMoca.escrowMoca
DA:82,0
BRDA:82,3,0,-
BRDA:82,3,1,-
DA:85,0
DA:86,0
DA:89,0
DA:91,0
DA:103,0
FN:103,EscrowedMoca.selectRedemptionOption
FNDA:0,EscrowedMoca.selectRedemptionOption
DA:105,0
BRDA:105,4,0,-
BRDA:105,4,1,-
DA:106,0
BRDA:106,5,0,-
BRDA:106,5,1,-
DA:107,0
BRDA:107,6,0,-
BRDA:107,6,1,-
DA:110,0
DA:111,0
BRDA:111,7,0,-
BRDA:111,7,1,-
DA:114,0
DA:115,0
DA:116,0
BRDA:116,8,0,-
BRDA:116,8,1,-
DA:118,0
DA:121,0
DA:122,0
DA:123,0
BRDA:123,9,0,-
BRDA:123,9,1,-
DA:131,0
DA:133,0
DA:136,0
DA:137,0
DA:139,0
BRDA:139,10,0,-
BRDA:139,10,1,-
DA:142,0
DA:143,0
DA:146,0
DA:148,0
DA:152,0
DA:156,0
DA:159,0
BRDA:159,11,0,-
DA:161,0
DA:162,0
DA:165,0
BRDA:165,12,0,-
DA:166,0
BRDA:166,13,0,-
DA:168,0
DA:181,0
FN:181,EscrowedMoca.claimRedemption
FNDA:0,EscrowedMoca.claimRedemption
DA:183,0
BRDA:183,14,0,-
BRDA:183,14,1,-
DA:185,0
DA:188,0
DA:189,0
BRDA:189,15,0,-
BRDA:189,15,1,-
DA:192,0
DA:195,0
DA:196,0
DA:198,0
DA:211,0
FN:211,EscrowedMoca.escrowMocaOnBehalf
FNDA:0,EscrowedMoca.escrowMocaOnBehalf
DA:212,0
DA:213,0
BRDA:213,16,0,-
BRDA:213,16,1,-
DA:215,0
DA:216,0
DA:218,0
DA:219,0
DA:222,0
BRDA:222,17,0,-
BRDA:222,17,1,-
DA:223,0
BRDA:223,18,0,-
BRDA:223,18,1,-
DA:226,0
DA:229,0
DA:233,0
DA:234,0
DA:236,0
DA:245,0
FN:245,EscrowedMoca.claimPenalties
FNDA:0,EscrowedMoca.claimPenalties
DA:247,0
DA:248,0
DA:249,0
BRDA:249,19,0,-
BRDA:249,19,1,-
DA:252,0
DA:253,0
DA:256,0
DA:257,0
DA:259,0
DA:268,0
FN:268,EscrowedMoca.releaseEscrowedMoca
FNDA:0,EscrowedMoca.releaseEscrowedMoca
DA:269,0
BRDA:269,20,0,-
BRDA:269,20,1,-
DA:271,0
BRDA:271,21,0,-
BRDA:271,21,1,-
DA:274,0
DA:277,0
DA:278,0
DA:280,0
DA:293,0
FN:293,EscrowedMoca.setPenaltyToVoters
FNDA:0,EscrowedMoca.setPenaltyToVoters
DA:295,0
BRDA:295,22,0,-
BRDA:295,22,1,-
DA:296,0
BRDA:296,23,0,-
BRDA:296,23,1,-
DA:298,0
DA:299,0
DA:301,0
DA:313,0
FN:313,EscrowedMoca.setRedemptionOption
FNDA:0,EscrowedMoca.setRedemptionOption
DA:315,0
BRDA:315,24,0,-
BRDA:315,24,1,-
DA:318,0
BRDA:318,25,0,-
BRDA:318,25,1,-
DA:320,0
DA:326,0
DA:335,0
FN:335,EscrowedMoca.setRedemptionOptionStatus
FNDA:0,EscrowedMoca.setRedemptionOptionStatus
DA:336,0
DA:338,0
BRDA:338,26,0,-
BRDA:338,26,1,-
DA:339,0
BRDA:339,27,0,-
BRDA:339,27,1,-
DA:340,0
DA:341,0
DA:344,0
BRDA:344,28,0,-
BRDA:344,28,1,-
DA:345,0
DA:346,0
DA:357,66
FN:357,EscrowedMoca.setWhitelistStatus
FNDA:66,EscrowedMoca.setWhitelistStatus
DA:358,66
BRDA:358,29,0,-
BRDA:358,29,1,-
DA:360,66
DA:361,66
BRDA:361,30,0,-
BRDA:361,30,1,-
DA:363,66
DA:365,66
DA:371,0
FN:371,EscrowedMoca._moca
FNDA:0,EscrowedMoca._moca
DA:372,0
DA:378,66
FN:378,EscrowedMoca.onlyEscrowedMocaAdmin
FNDA:66,EscrowedMoca.onlyEscrowedMocaAdmin
DA:379,66
DA:380,66
BRDA:380,31,0,-
BRDA:380,31,1,-
DA:385,0
FN:385,EscrowedMoca.onlyAssetManager
FNDA:0,EscrowedMoca.onlyAssetManager
DA:386,0
DA:387,0
BRDA:387,32,0,-
BRDA:387,32,1,-
DA:392,0
FN:392,EscrowedMoca.onlyMonitor
FNDA:0,EscrowedMoca.onlyMonitor
DA:393,0
DA:394,0
BRDA:394,33,0,-
BRDA:394,33,1,-
DA:399,0
FN:399,EscrowedMoca.onlyGlobalAdmin
FNDA:0,EscrowedMoca.onlyGlobalAdmin
DA:400,0
DA:401,0
BRDA:401,34,0,-
BRDA:401,34,1,-
DA:406,0
FN:406,EscrowedMoca.onlyEmergencyExitHandler
FNDA:0,EscrowedMoca.onlyEmergencyExitHandler
DA:407,0
DA:408,0
BRDA:408,35,0,-
BRDA:408,35,1,-
DA:422,0
FN:422,EscrowedMoca.transfer
FNDA:0,EscrowedMoca.transfer
DA:423,0
BRDA:423,36,0,-
BRDA:423,36,1,-
DA:424,0
DA:435,0
FN:435,EscrowedMoca.transferFrom
FNDA:0,EscrowedMoca.transferFrom
DA:436,0
BRDA:436,37,0,-
BRDA:436,37,1,-
DA:437,0
DA:446,0
FN:446,EscrowedMoca.pause
FNDA:0,EscrowedMoca.pause
DA:447,0
DA:454,0
FN:454,EscrowedMoca.unpause
FNDA:0,EscrowedMoca.unpause
DA:455,0
BRDA:455,38,0,-
DA:456,0
DA:464,0
FN:464,EscrowedMoca.freeze
FNDA:0,EscrowedMoca.freeze
DA:465,0
BRDA:465,39,0,-
DA:466,0
DA:467,0
DA:475,0
FN:475,EscrowedMoca.emergencyExit
FNDA:0,EscrowedMoca.emergencyExit
DA:476,0
BRDA:476,40,0,-
DA:479,0
DA:480,0
BRDA:480,41,0,-
BRDA:480,41,1,-
DA:483,0
DA:486,0
FNF:23
FNH:3
LF:145
LH:15
BRF:78
BRH:0
end_of_record
TN:
SF:src/IssuerStakingController.sol
DA:50,69
FN:50,IssuerStakingController.constructor
FNDA:69,IssuerStakingController.constructor
DA:51,69
BRDA:51,0,0,-
BRDA:51,0,1,-
DA:52,69
DA:54,68
BRDA:54,1,0,-
BRDA:54,1,1,-
DA:55,69
DA:57,67
BRDA:57,2,0,-
BRDA:57,2,1,-
DA:58,69
DA:69,68
FN:69,IssuerStakingController.stakeMoca
FNDA:68,IssuerStakingController.stakeMoca
DA:70,68
BRDA:70,3,0,-
BRDA:70,3,1,-
DA:71,67
BRDA:71,4,0,-
BRDA:71,4,1,-
DA:74,65
DA:77,65
DA:80,65
DA:82,65
DA:92,111
FN:92,IssuerStakingController.initiateUnstake
FNDA:111,IssuerStakingController.initiateUnstake
DA:93,111
BRDA:93,5,0,-
BRDA:93,5,1,-
DA:94,110
BRDA:94,6,0,-
BRDA:94,6,1,-
DA:97,109
DA:100,109
DA:101,109
DA:102,109
DA:105,109
DA:106,109
DA:108,109
DA:116,50
FN:116,IssuerStakingController.claimUnstake
FNDA:50,IssuerStakingController.claimUnstake
DA:117,50
DA:118,50
BRDA:118,7,0,-
BRDA:118,7,1,-
DA:119,49
BRDA:119,8,0,-
BRDA:119,8,1,-
DA:121,49
DA:124,49
DA:125,50
DA:128,50
BRDA:128,9,0,-
BRDA:128,9,1,-
DA:129,48
BRDA:129,10,0,-
BRDA:129,10,1,-
DA:132,47
DA:139,46
DA:140,46
DA:143,46
DA:145,46
DA:155,56
FN:155,IssuerStakingController.setUnstakeDelay
FNDA:56,IssuerStakingController.setUnstakeDelay
DA:156,56
BRDA:156,11,0,-
BRDA:156,11,1,-
DA:159,55
DA:160,55
DA:162,56
DA:165,43
FN:165,IssuerStakingController.setMaxStakeAmount
FNDA:43,IssuerStakingController.setMaxStakeAmount
DA:166,43
BRDA:166,12,0,-
BRDA:166,12,1,-
DA:169,42
DA:170,42
DA:172,43
DA:178,113
FN:178,IssuerStakingController._moca
FNDA:113,IssuerStakingController._moca
DA:179,113
DA:184,51
FN:184,IssuerStakingController.onlyMonitor
FNDA:51,IssuerStakingController.onlyMonitor
DA:185,51
DA:186,51
BRDA:186,13,0,51
BRDA:186,13,1,-
DA:190,28
FN:190,IssuerStakingController.onlyGlobalAdmin
FNDA:28,IssuerStakingController.onlyGlobalAdmin
DA:191,28
DA:192,28
BRDA:192,14,0,14
BRDA:192,14,1,-
DA:196,7
FN:196,IssuerStakingController.onlyEmergencyExitHandler
FNDA:7,IssuerStakingController.onlyEmergencyExitHandler
DA:197,7
DA:198,7
BRDA:198,15,0,7
BRDA:198,15,1,-
DA:202,58
FN:202,IssuerStakingController.onlyIssuerStakingControllerAdmin
FNDA:58,IssuerStakingController.onlyIssuerStakingControllerAdmin
DA:203,58
DA:204,58
BRDA:204,16,0,45
BRDA:204,16,1,-
DA:213,49
FN:213,IssuerStakingController.pause
FNDA:49,IssuerStakingController.pause
DA:214,0
DA:220,25
FN:220,IssuerStakingController.unpause
FNDA:25,IssuerStakingController.unpause
DA:221,25
BRDA:221,17,0,-
BRDA:221,17,1,-
DA:222,0
DA:231,11
FN:231,IssuerStakingController.freeze
FNDA:11,IssuerStakingController.freeze
DA:232,11
BRDA:232,18,0,-
BRDA:232,18,1,-
DA:233,10
DA:234,10
DA:246,4
FN:246,IssuerStakingController.emergencyExit
FNDA:4,IssuerStakingController.emergencyExit
DA:247,4
BRDA:247,19,0,-
BRDA:247,19,1,-
DA:248,3
BRDA:248,20,0,-
BRDA:248,20,1,-
DA:250,2
DA:251,2
DA:253,2
DA:255,3
DA:258,3
DA:259,3
DA:262,3
DA:263,3
BRDA:263,21,0,1
DA:266,2
DA:273,2
DA:274,2
DA:278,2
DA:279,2
DA:281,2
FNF:15
FNH:15
LF:88
LH:86
BRF:43
BRH:5
end_of_record
TN:
SF:src/PaymentsController.sol
DA:88,66
FN:88,PaymentsController.constructor
FNDA:66,PaymentsController.constructor
DA:93,66
BRDA:93,0,0,-
BRDA:93,0,1,-
DA:94,66
DA:97,66
BRDA:97,1,0,-
BRDA:97,1,1,-
DA:98,66
BRDA:98,2,0,-
BRDA:98,2,1,-
DA:99,66
DA:102,66
BRDA:102,3,0,-
BRDA:102,3,1,-
DA:103,66
BRDA:103,4,0,-
BRDA:103,4,1,-
DA:104,66
DA:107,66
BRDA:107,5,0,-
BRDA:107,5,1,-
DA:108,66
BRDA:108,6,0,-
BRDA:108,6,1,-
DA:109,66
DA:122,0
FN:122,PaymentsController.createIssuer
FNDA:0,PaymentsController.createIssuer
DA:123,0
BRDA:123,7,0,-
BRDA:123,7,1,-
DA:126,0
DA:129,0
BRDA:129,8,0,-
BRDA:129,8,1,-
DA:138,0
DA:139,0
DA:140,0
DA:141,0
DA:143,0
DA:145,0
DA:156,0
FN:156,PaymentsController.createSchema
FNDA:0,PaymentsController.createSchema
DA:158,0
BRDA:158,9,0,-
BRDA:158,9,1,-
DA:162,0
BRDA:162,10,0,-
BRDA:162,10,1,-
DA:165,0
DA:166,0
DA:169,0
BRDA:169,11,0,-
BRDA:169,11,1,-
DA:177,0
DA:180,0
DA:181,0
DA:182,0
DA:183,0
DA:185,0
DA:187,0
DA:198,0
FN:198,PaymentsController.updateSchemaFee
FNDA:0,PaymentsController.updateSchemaFee
DA:200,0
DA:201,0
DA:204,0
BRDA:204,12,0,-
BRDA:204,12,1,-
DA:207,0
BRDA:207,13,0,-
BRDA:207,13,1,-
DA:210,0
BRDA:210,14,0,-
BRDA:210,14,1,-
DA:213,0
DA:214,0
BRDA:214,15,0,-
BRDA:214,15,1,-
DA:215,0
DA:217,0
DA:221,0
DA:224,0
DA:225,0
DA:227,0
DA:230,0
DA:241,0
FN:241,PaymentsController.claimFees
FNDA:0,PaymentsController.claimFees
DA:243,0
DA:246,0
BRDA:246,16,0,-
BRDA:246,16,1,-
DA:248,0
DA:251,0
BRDA:251,17,0,-
BRDA:251,17,1,-
DA:254,0
DA:257,0
DA:259,0
DA:262,0
DA:275,0
FN:275,PaymentsController.createVerifier
FNDA:0,PaymentsController.createVerifier
DA:276,0
BRDA:276,18,0,-
BRDA:276,18,1,-
DA:277,0
BRDA:277,19,0,-
BRDA:277,19,1,-
DA:280,0
DA:283,0
BRDA:283,20,0,-
BRDA:283,20,1,-
DA:292,0
DA:293,0
DA:294,0
DA:295,0
DA:296,0
DA:298,0
DA:300,0
DA:311,0
FN:311,PaymentsController.deposit
FNDA:0,PaymentsController.deposit
DA:313,0
DA:316,0
DA:317,0
BRDA:317,21,0,-
BRDA:317,21,1,-
DA:320,0
DA:322,0
DA:325,0
DA:336,0
FN:336,PaymentsController.withdraw
FNDA:0,PaymentsController.withdraw
DA:337,0
BRDA:337,22,0,-
BRDA:337,22,1,-
DA:340,0
DA:343,0
DA:344,0
BRDA:344,23,0,-
BRDA:344,23,1,-
DA:347,0
DA:348,0
BRDA:348,24,0,-
BRDA:348,24,1,-
DA:351,0
DA:353,0
DA:356,0
DA:365,0
FN:365,PaymentsController.updateSignerAddress
FNDA:0,PaymentsController.updateSignerAddress
DA:366,0
BRDA:366,25,0,-
BRDA:366,25,1,-
DA:369,0
DA:372,0
BRDA:372,26,0,-
BRDA:372,26,1,-
DA:375,0
BRDA:375,27,0,-
BRDA:375,27,1,-
DA:378,0
DA:380,0
DA:390,0
FN:390,PaymentsController.stakeMoca
FNDA:0,PaymentsController.stakeMoca
DA:391,0
BRDA:391,28,0,-
BRDA:391,28,1,-
DA:394,0
DA:397,0
DA:398,0
BRDA:398,29,0,-
BRDA:398,29,1,-
DA:401,0
DA:402,0
DA:405,0
DA:407,0
DA:417,0
FN:417,PaymentsController.unstakeMoca
FNDA:0,PaymentsController.unstakeMoca
DA:418,0
BRDA:418,30,0,-
BRDA:418,30,1,-
DA:421,0
DA:424,0
DA:425,0
BRDA:425,31,0,-
BRDA:425,31,1,-
DA:428,0
BRDA:428,32,0,-
BRDA:428,32,1,-
DA:431,0
DA:432,0
DA:435,0
DA:437,0
DA:449,0
FN:449,PaymentsController.updateAssetAddress
FNDA:0,PaymentsController.updateAssetAddress
DA:450,0
BRDA:450,33,0,-
BRDA:450,33,1,-
DA:453,0
DA:454,0
DA:456,0
BRDA:456,34,0,-
BRDA:456,34,1,-
DA:459,0
BRDA:459,35,0,-
BRDA:459,35,1,-
DA:460,0
DA:462,0
BRDA:462,36,0,-
BRDA:462,36,1,-
DA:465,0
BRDA:465,37,0,-
BRDA:465,37,1,-
DA:466,0
DA:469,0
DA:472,0
DA:473,0
DA:489,0
FN:489,PaymentsController.deductBalance
FNDA:0,PaymentsController.deductBalance
DA:490,0
BRDA:490,38,0,-
BRDA:490,38,1,-
DA:491,0
BRDA:491,39,0,-
BRDA:491,39,1,-
DA:494,0
DA:495,0
DA:498,0
BRDA:498,40,0,-
BRDA:498,40,1,-
DA:501,0
DA:502,0
BRDA:502,41,0,-
DA:504,0
DA:505,0
DA:508,0
DA:511,0
DA:515,0
DA:516,0
DA:517,0
DA:521,0
DA:523,0
BRDA:523,42,0,-
BRDA:523,42,1,-
DA:524,0
DA:527,0
BRDA:527,43,0,-
BRDA:527,43,1,-
DA:531,0
DA:532,0
DA:533,0
DA:534,0
DA:537,0
DA:538,0
DA:539,0
DA:543,0
DA:546,0
BRDA:546,44,0,-
BRDA:546,44,1,-
DA:547,0
DA:548,0
DA:551,0
DA:552,0
DA:553,0
DA:556,0
DA:559,0
BRDA:559,45,0,-
DA:561,0
DA:564,0
DA:565,0
DA:566,0
DA:570,0
DA:571,0
DA:572,0
DA:574,0
DA:575,0
DA:577,0
DA:580,0
DA:581,0
DA:594,0
FN:594,PaymentsController.deductBalanceZeroFee
FNDA:0,PaymentsController.deductBalanceZeroFee
DA:595,0
BRDA:595,46,0,-
BRDA:595,46,1,-
DA:598,0
BRDA:598,47,0,-
BRDA:598,47,1,-
DA:601,0
DA:602,0
DA:612,0
BRDA:612,48,0,-
BRDA:612,48,1,-
DA:616,0
DA:617,0
DA:618,0
DA:621,0
DA:629,0
FN:629,PaymentsController._bookSubsidy
FNDA:0,PaymentsController._bookSubsidy
DA:631,0
DA:634,0
BRDA:634,49,0,-
DA:636,0
DA:638,0
BRDA:638,50,0,-
DA:640,0
DA:641,0
DA:642,0
DA:648,0
FN:648,PaymentsController._usd8
FNDA:0,PaymentsController._usd8
DA:649,0
DA:653,0
FN:653,PaymentsController._moca
FNDA:0,PaymentsController._moca
DA:654,0
DA:660,0
FN:660,PaymentsController.updatePoolId
FNDA:0,PaymentsController.updatePoolId
DA:661,0
BRDA:661,51,0,-
BRDA:661,51,1,-
DA:662,0
DA:664,0
DA:667,0
FN:667,PaymentsController.updateFeeIncreaseDelayPeriod
FNDA:0,PaymentsController.updateFeeIncreaseDelayPeriod
DA:668,0
BRDA:668,52,0,-
BRDA:668,52,1,-
DA:669,0
BRDA:669,53,0,-
BRDA:669,53,1,-
DA:671,0
DA:673,0
DA:677,0
FN:677,PaymentsController.updateProtocolFeePercentage
FNDA:0,PaymentsController.updateProtocolFeePercentage
DA:679,0
BRDA:679,54,0,-
BRDA:679,54,1,-
DA:681,0
BRDA:681,55,0,-
BRDA:681,55,1,-
DA:683,0
DA:685,0
DA:689,0
FN:689,PaymentsController.updateVotingFeePercentage
FNDA:0,PaymentsController.updateVotingFeePercentage
DA:691,0
BRDA:691,56,0,-
BRDA:691,56,1,-
DA:693,0
BRDA:693,57,0,-
BRDA:693,57,1,-
DA:695,0
DA:697,0
DA:701,0
FN:701,PaymentsController.updateVerifierSubsidyPercentages
FNDA:0,PaymentsController.updateVerifierSubsidyPercentages
DA:702,0
BRDA:702,58,0,-
BRDA:702,58,1,-
DA:703,0
BRDA:703,59,0,-
BRDA:703,59,1,-
DA:705,0
DA:707,0
DA:717,0
FN:717,PaymentsController.withdrawProtocolFees
FNDA:0,PaymentsController.withdrawProtocolFees
DA:718,0
BRDA:718,60,0,-
BRDA:718,60,1,-
DA:721,0
DA:723,0
BRDA:723,61,0,-
BRDA:723,61,1,-
DA:726,0
DA:727,0
BRDA:727,62,0,-
BRDA:727,62,1,-
DA:730,0
DA:731,0
BRDA:731,63,0,-
BRDA:731,63,1,-
DA:734,0
DA:735,0
DA:736,0
DA:738,0
DA:746,0
FN:746,PaymentsController.withdrawVotersFees
FNDA:0,PaymentsController.withdrawVotersFees
DA:747,0
BRDA:747,64,0,-
BRDA:747,64,1,-
DA:750,0
DA:752,0
BRDA:752,65,0,-
BRDA:752,65,1,-
DA:755,0
DA:756,0
BRDA:756,66,0,-
BRDA:756,66,1,-
DA:759,0
DA:760,0
BRDA:760,67,0,-
BRDA:760,67,1,-
DA:763,0
DA:764,0
DA:765,0
DA:767,0
DA:775,0
FN:775,PaymentsController.pause
FNDA:0,PaymentsController.pause
DA:776,0
DA:782,0
FN:782,PaymentsController.unpause
FNDA:0,PaymentsController.unpause
DA:783,0
BRDA:783,68,0,-
DA:784,0
DA:793,0
FN:793,PaymentsController.freeze
FNDA:0,PaymentsController.freeze
DA:794,0
BRDA:794,69,0,-
DA:795,0
DA:796,0
DA:806,0
FN:806,PaymentsController.emergencyExitVerifiers
FNDA:0,PaymentsController.emergencyExitVerifiers
DA:807,0
BRDA:807,70,0,-
DA:808,0
BRDA:808,71,0,-
DA:811,0
DA:814,0
DA:817,0
DA:818,0
DA:819,0
BRDA:819,72,0,-
DA:822,0
DA:825,0
BRDA:825,73,0,-
DA:826,0
BRDA:826,74,0,-
DA:831,0
DA:841,0
FN:841,PaymentsController.emergencyExitIssuers
FNDA:0,PaymentsController.emergencyExitIssuers
DA:842,0
BRDA:842,75,0,-
DA:843,0
BRDA:843,76,0,-
DA:846,0
DA:849,0
DA:852,0
DA:853,0
BRDA:853,77,0,-
DA:856,0
DA:859,0
DA:860,0
DA:863,0
DA:873,0
FN:873,PaymentsController.emergencyExitFees
FNDA:0,PaymentsController.emergencyExitFees
DA:874,0
BRDA:874,78,0,-
DA:876,0
DA:877,0
BRDA:877,79,0,-
DA:880,0
DA:881,0
BRDA:881,80,0,-
BRDA:881,80,1,-
DA:884,0
DA:890,0
DA:896,0
FN:896,PaymentsController.onlyMonitor
FNDA:0,PaymentsController.onlyMonitor
DA:897,0
DA:898,0
BRDA:898,81,0,-
BRDA:898,81,1,-
DA:902,0
FN:902,PaymentsController.onlyPaymentsAdmin
FNDA:0,PaymentsController.onlyPaymentsAdmin
DA:903,0
DA:904,0
BRDA:904,82,0,-
BRDA:904,82,1,-
DA:908,0
FN:908,PaymentsController.onlyGlobalAdmin
FNDA:0,PaymentsController.onlyGlobalAdmin
DA:909,0
DA:910,0
BRDA:910,83,0,-
BRDA:910,83,1,-
DA:914,0
FN:914,PaymentsController.onlyAssetManager
FNDA:0,PaymentsController.onlyAssetManager
DA:915,0
DA:916,0
BRDA:916,84,0,-
BRDA:916,84,1,-
DA:920,0
FN:920,PaymentsController.onlyEmergencyExitHandler
FNDA:0,PaymentsController.onlyEmergencyExitHandler
DA:921,0
DA:922,0
BRDA:922,85,0,-
BRDA:922,85,1,-
DA:930,0
FN:930,PaymentsController.getVerifierAndPoolAccruedSubsidies
FNDA:0,PaymentsController.getVerifierAndPoolAccruedSubsidies
DA:932,0
BRDA:932,86,0,-
BRDA:932,86,1,-
DA:933,0
DA:941,0
FN:941,PaymentsController.getIssuer
FNDA:0,PaymentsController.getIssuer
DA:942,0
DA:950,0
FN:950,PaymentsController.getSchema
FNDA:0,PaymentsController.getSchema
DA:951,0
DA:959,0
FN:959,PaymentsController.getVerifier
FNDA:0,PaymentsController.getVerifier
DA:960,0
DA:968,0
FN:968,PaymentsController.getVerifierNonce
FNDA:0,PaymentsController.getVerifierNonce
DA:969,0
DA:972,0
FN:972,PaymentsController.getVerifierSubsidyPercentage
FNDA:0,PaymentsController.getVerifierSubsidyPercentage
DA:973,0
DA:977,0
FN:977,PaymentsController.getEpochPoolSubsidies
FNDA:0,PaymentsController.getEpochPoolSubsidies
DA:978,0
DA:981,0
FN:981,PaymentsController.getEpochPoolVerifierSubsidies
FNDA:0,PaymentsController.getEpochPoolVerifierSubsidies
DA:982,0
DA:986,0
FN:986,PaymentsController.getEpochPoolFeesAccrued
FNDA:0,PaymentsController.getEpochPoolFeesAccrued
DA:987,0
DA:990,0
FN:990,PaymentsController.getEpochFeesAccrued
FNDA:0,PaymentsController.getEpochFeesAccrued
DA:991,0
FNF:45
FNH:1
LF:320
LH:12
BRF:158
BRH:0
end_of_record
TN:
SF:src/VotingController.sol
DA:93,0
FN:93,VotingController.constructor
FNDA:0,VotingController.constructor
DA:94,0
BRDA:94,0,0,-
BRDA:94,0,1,-
DA:95,0
BRDA:95,1,0,-
BRDA:95,1,1,-
DA:97,0
DA:100,0
BRDA:100,2,0,-
BRDA:100,2,1,-
DA:101,0
BRDA:101,3,0,-
BRDA:101,3,1,-
DA:102,0
DA:105,0
DA:108,0
BRDA:108,4,0,-
BRDA:108,4,1,-
DA:109,0
DA:124,0
FN:124,VotingController.vote
FNDA:0,VotingController.vote
DA:126,0
BRDA:126,5,0,-
BRDA:126,5,1,-
DA:127,0
BRDA:127,6,0,-
BRDA:127,6,1,-
DA:130,0
DA:131,0
DA:134,0
BRDA:134,7,0,-
BRDA:134,7,1,-
DA:137,0
DA:140,0
DA:143,0
BRDA:143,8,0,-
DA:145,0
BRDA:145,9,0,-
BRDA:145,9,1,-
DA:148,0
BRDA:148,10,0,-
DA:149,0
DA:152,0
BRDA:152,11,0,-
DA:153,0
DA:160,0
DA:161,0
DA:164,0
DA:165,0
BRDA:165,12,0,-
BRDA:165,12,1,-
DA:169,0
DA:170,0
DA:171,0
DA:172,0
DA:175,0
BRDA:175,13,0,-
BRDA:175,13,1,-
DA:178,0
DA:181,0
BRDA:181,14,0,-
BRDA:181,14,1,-
DA:182,0
BRDA:182,15,0,-
BRDA:182,15,1,-
DA:185,0
DA:186,0
BRDA:186,16,0,-
BRDA:186,16,1,-
DA:189,0
DA:190,0
DA:193,0
DA:197,0
DA:198,0
DA:200,0
DA:214,0
FN:214,VotingController.migrateVotes
FNDA:0,VotingController.migrateVotes
DA:216,0
DA:217,0
BRDA:217,17,0,-
BRDA:217,17,1,-
DA:218,0
BRDA:218,18,0,-
BRDA:218,18,1,-
DA:219,0
BRDA:219,19,0,-
BRDA:219,19,1,-
DA:222,0
DA:223,0
DA:226,0
BRDA:226,20,0,-
BRDA:226,20,1,-
DA:229,0
DA:230,0
DA:233,0
BRDA:233,21,0,-
DA:235,0
BRDA:235,22,0,-
BRDA:235,22,1,-
DA:238,0
BRDA:238,23,0,-
DA:239,0
DA:242,0
BRDA:242,24,0,-
DA:243,0
DA:249,0
DA:251,0
DA:252,0
DA:253,0
DA:256,0
BRDA:256,25,0,-
BRDA:256,25,1,-
DA:257,0
BRDA:257,26,0,-
BRDA:257,26,1,-
DA:260,0
DA:261,0
DA:262,0
DA:263,0
DA:266,0
BRDA:266,27,0,-
BRDA:266,27,1,-
DA:267,0
BRDA:267,28,0,-
BRDA:267,28,1,-
DA:268,0
BRDA:268,29,0,-
BRDA:268,29,1,-
DA:271,0
DA:272,0
BRDA:272,30,0,-
BRDA:272,30,1,-
DA:275,0
DA:276,0
DA:277,0
DA:280,0
DA:281,0
DA:282,0
DA:287,0
DA:301,0
FN:301,VotingController.registerAsDelegate
FNDA:0,VotingController.registerAsDelegate
DA:302,0
BRDA:302,31,0,-
BRDA:302,31,1,-
DA:303,0
BRDA:303,32,0,-
BRDA:303,32,1,-
DA:305,0
DA:306,0
BRDA:306,33,0,-
BRDA:306,33,1,-
DA:309,0
DA:310,0
BRDA:310,34,0,-
DA:311,0
DA:312,0
DA:316,0
DA:319,0
DA:320,0
DA:321,0
DA:323,0
DA:334,0
FN:334,VotingController.updateDelegateFee
FNDA:0,VotingController.updateDelegateFee
DA:335,0
BRDA:335,35,0,-
BRDA:335,35,1,-
DA:336,0
BRDA:336,36,0,-
BRDA:336,36,1,-
DA:338,0
DA:339,0
BRDA:339,37,0,-
BRDA:339,37,1,-
DA:341,0
DA:344,0
DA:346,0
DA:349,0
BRDA:349,38,0,-
BRDA:349,38,1,-
DA:351,0
DA:352,0
DA:355,0
DA:357,0
DA:361,0
DA:362,0
DA:368,0
DA:381,0
FN:381,VotingController.unregisterAsDelegate
FNDA:0,VotingController.unregisterAsDelegate
DA:382,0
DA:384,0
DA:385,0
BRDA:385,39,0,-
BRDA:385,39,1,-
DA:386,0
BRDA:386,40,0,-
BRDA:386,40,1,-
DA:392,0
DA:395,0
DA:419,0
FN:419,VotingController.voterClaimRewards
FNDA:0,VotingController.voterClaimRewards
DA:420,0
BRDA:420,41,0,-
BRDA:420,41,1,-
DA:423,0
BRDA:423,42,0,-
BRDA:423,42,1,-
DA:425,0
DA:426,0
DA:427,0
DA:430,0
BRDA:430,43,0,-
BRDA:430,43,1,-
DA:431,0
BRDA:431,44,0,-
BRDA:431,44,1,-
DA:436,0
DA:437,0
DA:438,0
DA:441,0
BRDA:441,45,0,-
DA:444,0
DA:445,0
BRDA:445,46,0,-
DA:448,0
DA:451,0
DA:452,0
DA:455,0
DA:458,0
BRDA:458,47,0,-
DA:461,0
DA:464,0
DA:467,0
DA:469,0
DA:492,0
FN:492,VotingController.claimRewardsFromDelegate
FNDA:0,VotingController.claimRewardsFromDelegate
DA:494,0
BRDA:494,48,0,-
BRDA:494,48,1,-
DA:495,0
BRDA:495,49,0,-
BRDA:495,49,1,-
DA:497,0
DA:499,0
DA:501,0
DA:502,0
DA:504,0
BRDA:504,50,0,-
DA:507,0
DA:510,0
BRDA:510,51,0,-
DA:511,0
DA:512,0
DA:516,0
DA:520,0
BRDA:520,52,0,-
BRDA:520,52,1,-
DA:523,0
DA:524,0
DA:536,0
FN:536,VotingController.claimDelegateFees
FNDA:0,VotingController.claimDelegateFees
DA:537,0
BRDA:537,53,0,-
BRDA:537,53,1,-
DA:540,0
BRDA:540,54,0,-
BRDA:540,54,1,-
DA:542,0
BRDA:542,55,0,-
BRDA:542,55,1,-
DA:544,0
DA:545,0
DA:548,0
DA:549,0
DA:550,0
DA:552,0
BRDA:552,56,0,-
DA:554,0
DA:559,0
BRDA:559,57,0,-
DA:560,0
DA:561,0
DA:565,0
DA:569,0
BRDA:569,58,0,-
DA:570,0
DA:571,0
DA:589,0
FN:589,VotingController.claimSubsidies
FNDA:0,VotingController.claimSubsidies
DA:590,0
BRDA:590,59,0,-
BRDA:590,59,1,-
DA:593,0
BRDA:593,60,0,-
BRDA:593,60,1,-
DA:595,0
DA:596,0
DA:597,0
DA:600,0
BRDA:600,61,0,-
BRDA:600,61,1,-
DA:601,0
DA:602,0
BRDA:602,62,0,-
BRDA:602,62,1,-
DA:605,0
BRDA:605,63,0,-
BRDA:605,63,1,-
DA:608,0
DA:610,0
DA:615,0
DA:618,0
DA:619,0
BRDA:619,64,0,-
BRDA:619,64,1,-
DA:622,0
DA:623,0
BRDA:623,65,0,-
DA:625,0
DA:628,0
DA:629,0
DA:630,0
DA:633,0
DA:634,0
DA:637,0
BRDA:637,66,0,-
DA:640,0
DA:641,0
DA:644,0
DA:648,0
DA:662,0
FN:662,VotingController.depositEpochSubsidies
FNDA:0,VotingController.depositEpochSubsidies
DA:664,0
BRDA:664,67,0,-
BRDA:664,67,1,-
DA:667,0
DA:668,0
BRDA:668,68,0,-
BRDA:668,68,1,-
DA:671,0
DA:672,0
BRDA:672,69,0,-
BRDA:672,69,1,-
DA:675,0
BRDA:675,70,0,-
BRDA:675,70,1,-
DA:678,0
BRDA:678,71,0,-
DA:680,0
DA:683,0
DA:684,0
DA:686,0
DA:690,0
DA:691,0
DA:712,0
FN:712,VotingController.finalizeEpochRewardsSubsidies
FNDA:0,VotingController.finalizeEpochRewardsSubsidies
DA:713,0
BRDA:713,72,0,-
BRDA:713,72,1,-
DA:714,0
BRDA:714,73,0,-
BRDA:714,73,1,-
DA:717,0
DA:718,0
BRDA:718,74,0,-
BRDA:718,74,1,-
DA:721,0
DA:722,0
BRDA:722,75,0,-
BRDA:722,75,1,-
DA:723,0
BRDA:723,76,0,-
BRDA:723,76,1,-
DA:726,0
DA:727,0
DA:731,0
DA:732,0
DA:733,0
DA:734,0
DA:737,0
DA:738,0
DA:741,0
BRDA:741,77,0,-
BRDA:741,77,1,-
DA:742,0
BRDA:742,78,0,-
BRDA:742,78,1,-
DA:743,0
BRDA:743,79,0,-
BRDA:743,79,1,-
DA:745,0
DA:748,0
BRDA:748,80,0,-
DA:750,0
DA:753,0
BRDA:753,81,0,-
DA:754,0
DA:755,0
DA:760,0
BRDA:760,82,0,-
DA:761,0
DA:762,0
DA:764,0
DA:768,0
DA:772,0
DA:774,0
DA:776,0
DA:779,0
DA:782,0
BRDA:782,83,0,-
DA:783,0
DA:784,0
DA:799,0
FN:799,VotingController.withdrawUnclaimedRewards
FNDA:0,VotingController.withdrawUnclaimedRewards
DA:801,0
BRDA:801,84,0,-
BRDA:801,84,1,-
DA:804,0
BRDA:804,85,0,-
BRDA:804,85,1,-
DA:807,0
DA:808,0
BRDA:808,86,0,-
BRDA:808,86,1,-
DA:810,0
DA:811,0
BRDA:811,87,0,-
BRDA:811,87,1,-
DA:813,0
DA:815,0
DA:826,0
FN:826,VotingController.withdrawUnclaimedSubsidies
FNDA:0,VotingController.withdrawUnclaimedSubsidies
DA:828,0
BRDA:828,88,0,-
BRDA:828,88,1,-
DA:831,0
BRDA:831,89,0,-
BRDA:831,89,1,-
DA:834,0
DA:835,0
BRDA:835,90,0,-
BRDA:835,90,1,-
DA:837,0
DA:838,0
BRDA:838,91,0,-
BRDA:838,91,1,-
DA:841,0
DA:844,0
DA:847,0
FN:847,VotingController.withdrawRegistrationFees
FNDA:0,VotingController.withdrawRegistrationFees
DA:848,0
BRDA:848,92,0,-
BRDA:848,92,1,-
DA:850,0
DA:851,0
BRDA:851,93,0,-
BRDA:851,93,1,-
DA:853,0
DA:854,0
BRDA:854,94,0,-
BRDA:854,94,1,-
DA:856,0
DA:858,0
DA:868,0
FN:868,VotingController.setMaxDelegateFeePct
FNDA:0,VotingController.setMaxDelegateFeePct
DA:869,0
BRDA:869,95,0,-
BRDA:869,95,1,-
DA:870,0
BRDA:870,96,0,-
BRDA:870,96,1,-
DA:872,0
DA:874,0
DA:883,0
FN:883,VotingController.setFeeIncreaseDelayEpochs
FNDA:0,VotingController.setFeeIncreaseDelayEpochs
DA:884,0
BRDA:884,97,0,-
BRDA:884,97,1,-
DA:885,0
BRDA:885,98,0,-
BRDA:885,98,1,-
DA:887,0
DA:888,0
DA:897,0
FN:897,VotingController.setUnclaimedDelay
FNDA:0,VotingController.setUnclaimedDelay
DA:898,0
BRDA:898,99,0,-
BRDA:898,99,1,-
DA:899,0
BRDA:899,100,0,-
BRDA:899,100,1,-
DA:901,0
DA:902,0
DA:906,0
FN:906,VotingController.setDelegateRegistrationFee
FNDA:0,VotingController.setDelegateRegistrationFee
DA:909,0
DA:910,0
DA:923,0
FN:923,VotingController.createPool
FNDA:0,VotingController.createPool
DA:925,0
DA:926,0
BRDA:926,101,0,-
BRDA:926,101,1,-
DA:929,0
BRDA:929,102,0,-
DA:930,0
DA:931,0
BRDA:931,103,0,-
BRDA:931,103,1,-
DA:935,0
DA:937,0
DA:938,0
DA:941,0
DA:942,0
DA:946,0
DA:948,0
DA:950,0
DA:952,0
DA:976,0
FN:976,VotingController.removePool
FNDA:0,VotingController.removePool
DA:977,0
BRDA:977,104,0,-
BRDA:977,104,1,-
DA:979,0
DA:983,0
BRDA:983,105,0,-
BRDA:983,105,1,-
DA:986,0
BRDA:986,106,0,-
DA:987,0
DA:988,0
BRDA:988,107,0,-
BRDA:988,107,1,-
DA:991,0
DA:993,0
DA:995,0
DA:1009,0
FN:1009,VotingController._applyPendingFeeIfNeeded
FNDA:0,VotingController._applyPendingFeeIfNeeded
DA:1010,0
DA:1013,0
BRDA:1013,108,0,-
DA:1014,0
BRDA:1014,109,0,-
DA:1017,0
DA:1018,0
DA:1025,0
DA:1030,0
DA:1035,0
FN:1035,VotingController._claimDelegateRewards
FNDA:0,VotingController._claimDelegateRewards
DA:1036,0
DA:1037,0
DA:1038,0
DA:1039,0
DA:1042,0
BRDA:1042,110,0,-
BRDA:1042,110,1,-
DA:1043,0
BRDA:1043,111,0,-
BRDA:1043,111,1,-
DA:1046,0
DA:1047,0
DA:1048,0
DA:1050,0
BRDA:1050,112,0,-
DA:1052,0
DA:1053,0
BRDA:1053,113,0,-
DA:1056,0
DA:1059,0
DA:1060,0
DA:1063,0
DA:1064,0
BRDA:1064,114,0,-
DA:1067,0
DA:1070,0
DA:1071,0
DA:1074,0
DA:1075,0
DA:1078,0
BRDA:1078,115,0,-
DA:1081,0
DA:1082,0
DA:1083,0
DA:1088,0
DA:1091,0
DA:1092,0
DA:1095,0
BRDA:1095,116,0,-
DA:1096,0
DA:1097,0
DA:1101,0
DA:1103,0
DA:1108,0
FN:1108,VotingController._generatePoolId
FNDA:0,VotingController._generatePoolId
DA:1109,0
DA:1114,0
FN:1114,VotingController._veMoca
FNDA:0,VotingController._veMoca
DA:1115,0
DA:1119,0
FN:1119,VotingController._esMoca
FNDA:0,VotingController._esMoca
DA:1120,0
DA:1124,0
FN:1124,VotingController._moca
FNDA:0,VotingController._moca
DA:1125,0
DA:1131,0
FN:1131,VotingController.onlyCronJob
FNDA:0,VotingController.onlyCronJob
DA:1132,0
DA:1133,0
BRDA:1133,117,0,-
BRDA:1133,117,1,-
DA:1138,0
FN:1138,VotingController.onlyVotingControllerAdmin
FNDA:0,VotingController.onlyVotingControllerAdmin
DA:1139,0
DA:1140,0
BRDA:1140,118,0,-
BRDA:1140,118,1,-
DA:1145,0
FN:1145,VotingController.onlyAssetManager
FNDA:0,VotingController.onlyAssetManager
DA:1146,0
DA:1147,0
BRDA:1147,119,0,-
BRDA:1147,119,1,-
DA:1152,0
FN:1152,VotingController.onlyMonitor
FNDA:0,VotingController.onlyMonitor
DA:1153,0
DA:1154,0
BRDA:1154,120,0,-
BRDA:1154,120,1,-
DA:1159,0
FN:1159,VotingController.onlyGlobalAdmin
FNDA:0,VotingController.onlyGlobalAdmin
DA:1160,0
DA:1161,0
BRDA:1161,121,0,-
BRDA:1161,121,1,-
DA:1166,0
FN:1166,VotingController.onlyEmergencyExitHandler
FNDA:0,VotingController.onlyEmergencyExitHandler
DA:1167,0
DA:1168,0
BRDA:1168,122,0,-
BRDA:1168,122,1,-
DA:1179,0
FN:1179,VotingController.pause
FNDA:0,VotingController.pause
DA:1180,0
DA:1187,0
FN:1187,VotingController.unpause
FNDA:0,VotingController.unpause
DA:1188,0
BRDA:1188,123,0,-
DA:1189,0
DA:1197,0
FN:1197,VotingController.freeze
FNDA:0,VotingController.freeze
DA:1198,0
BRDA:1198,124,0,-
DA:1199,0
DA:1200,0
DA:1210,0
FN:1210,VotingController.emergencyExit
FNDA:0,VotingController.emergencyExit
DA:1211,0
BRDA:1211,125,0,-
DA:1214,0
DA:1215,0
BRDA:1215,126,0,-
BRDA:1215,126,1,-
DA:1218,0
DA:1219,0
DA:1222,0
DA:1223,0
DA:1225,0
DA:1241,0
FN:1241,VotingController.getUserDelegatePoolGrossRewards
FNDA:0,VotingController.getUserDelegatePoolGrossRewards
DA:1242,0
BRDA:1242,127,0,-
BRDA:1242,127,1,-
DA:1243,0
BRDA:1243,128,0,-
BRDA:1243,128,1,-
DA:1245,0
DA:1248,0
DA:1249,0
DA:1250,0
DA:1251,0
DA:1254,0
FNF:38
FNH:0
LF:420
LH:0
BRF:224
BRH:0
end_of_record
TN:
SF:src/VotingEscrowMoca.sol
DA:92,66
FN:92,VotingEscrowMoca.constructor
FNDA:66,VotingEscrowMoca.constructor
DA:93,66
BRDA:93,0,0,-
BRDA:93,0,1,-
DA:94,66
DA:112,0
FN:112,VotingEscrowMoca.createLock
FNDA:0,VotingEscrowMoca.createLock
DA:113,0
DA:125,0
FN:125,VotingEscrowMoca.increaseAmount
FNDA:0,VotingEscrowMoca.increaseAmount
DA:126,0
DA:128,0
BRDA:128,1,0,-
BRDA:128,1,1,-
DA:129,0
BRDA:129,2,0,-
BRDA:129,2,1,-
DA:130,0
BRDA:130,3,0,-
BRDA:130,3,1,-
DA:134,0
BRDA:134,4,0,-
BRDA:134,4,1,-
DA:138,0
DA:139,0
DA:142,0
DA:149,0
DA:158,0
DA:159,0
DA:160,0
DA:163,0
DA:166,0
DA:167,0
DA:173,0
BRDA:173,5,0,-
DA:174,0
DA:175,0
DA:177,0
BRDA:177,6,0,-
DA:178,0
DA:179,0
DA:192,0
FN:192,VotingEscrowMoca.increaseDuration
FNDA:0,VotingEscrowMoca.increaseDuration
DA:194,0
BRDA:194,7,0,-
BRDA:194,7,1,-
DA:196,0
DA:198,0
BRDA:198,8,0,-
BRDA:198,8,1,-
DA:199,0
BRDA:199,9,0,-
BRDA:199,9,1,-
DA:200,0
BRDA:200,10,0,-
BRDA:200,10,1,-
DA:204,0
DA:205,0
BRDA:205,11,0,-
BRDA:205,11,1,-
DA:208,0
DA:209,0
DA:212,0
DA:219,0
DA:228,0
DA:229,0
DA:232,0
DA:235,0
DA:236,0
DA:247,0
FN:247,VotingEscrowMoca.unlock
FNDA:0,VotingEscrowMoca.unlock
DA:248,0
DA:250,0
BRDA:250,12,0,-
BRDA:250,12,1,-
DA:251,0
BRDA:251,13,0,-
BRDA:251,13,1,-
DA:252,0
BRDA:252,14,0,-
BRDA:252,14,1,-
DA:253,0
BRDA:253,15,0,-
BRDA:253,15,1,-
DA:256,0
DA:257,0
DA:260,0
DA:265,0
DA:268,0
DA:269,0
DA:270,0
DA:273,0
DA:276,0
DA:277,0
DA:280,0
DA:281,0
DA:283,0
DA:286,0
BRDA:286,16,0,-
DA:287,0
BRDA:287,17,0,-
DA:316,0
FN:316,VotingEscrowMoca.delegateLock
FNDA:0,VotingEscrowMoca.delegateLock
DA:318,0
BRDA:318,18,0,-
BRDA:318,18,1,-
DA:319,0
BRDA:319,19,0,-
BRDA:319,19,1,-
DA:320,0
BRDA:320,20,0,-
BRDA:320,20,1,-
DA:322,0
DA:325,0
BRDA:325,21,0,-
BRDA:325,21,1,-
DA:326,0
BRDA:326,22,0,-
BRDA:326,22,1,-
DA:330,0
BRDA:330,23,0,-
BRDA:330,23,1,-
DA:333,0
DA:334,0
DA:337,0
DA:340,0
DA:341,0
DA:342,0
DA:347,0
DA:350,0
DA:351,0
DA:352,0
DA:355,0
DA:358,0
DA:359,0
DA:363,0
DA:367,0
DA:382,0
FN:382,VotingEscrowMoca.undelegateLock
FNDA:0,VotingEscrowMoca.undelegateLock
DA:383,0
DA:386,0
BRDA:386,24,0,-
BRDA:386,24,1,-
DA:387,0
BRDA:387,25,0,-
BRDA:387,25,1,-
DA:388,0
BRDA:388,26,0,-
BRDA:388,26,1,-
DA:389,0
BRDA:389,27,0,-
BRDA:389,27,1,-
DA:400,0
DA:401,0
DA:404,0
DA:407,0
DA:408,0
DA:409,0
DA:412,0
DA:415,0
DA:416,0
DA:417,0
DA:420,0
DA:424,0
DA:427,0
DA:431,0
DA:433,0
DA:445,0
FN:445,VotingEscrowMoca.switchDelegate
FNDA:0,VotingEscrowMoca.switchDelegate
DA:447,0
BRDA:447,28,0,-
BRDA:447,28,1,-
DA:448,0
BRDA:448,29,0,-
BRDA:448,29,1,-
DA:449,0
BRDA:449,30,0,-
BRDA:449,30,1,-
DA:451,0
DA:454,0
BRDA:454,31,0,-
BRDA:454,31,1,-
DA:455,0
BRDA:455,32,0,-
BRDA:455,32,1,-
DA:456,0
BRDA:456,33,0,-
BRDA:456,33,1,-
DA:460,0
BRDA:460,34,0,-
BRDA:460,34,1,-
DA:464,0
DA:465,0
DA:468,0
DA:471,0
DA:472,0
DA:473,0
DA:477,0
DA:480,0
DA:481,0
DA:482,0
DA:485,0
DA:489,0
DA:490,0
DA:493,0
DA:494,0
DA:497,0
DA:499,0
DA:506,0
FN:506,VotingEscrowMoca.createLockFor
FNDA:0,VotingEscrowMoca.createLockFor
DA:507,0
DA:514,0
FN:514,VotingEscrowMoca.registerAsDelegate
FNDA:0,VotingEscrowMoca.registerAsDelegate
DA:515,0
BRDA:515,35,0,-
BRDA:515,35,1,-
DA:518,0
DA:521,0
DA:524,0
FN:524,VotingEscrowMoca.unregisterAsDelegate
FNDA:0,VotingEscrowMoca.unregisterAsDelegate
DA:525,0
BRDA:525,36,0,-
BRDA:525,36,1,-
DA:526,0
DA:529,0
DA:536,0
FN:536,VotingEscrowMoca._createLockFor
FNDA:0,VotingEscrowMoca._createLockFor
DA:537,0
BRDA:537,37,0,-
BRDA:537,37,1,-
DA:538,0
BRDA:538,38,0,-
BRDA:538,38,1,-
DA:541,0
DA:542,0
BRDA:542,39,0,-
BRDA:542,39,1,-
DA:544,0
BRDA:544,40,0,-
BRDA:544,40,1,-
DA:545,0
BRDA:545,41,0,-
BRDA:545,41,1,-
DA:549,0
BRDA:549,42,0,-
BRDA:549,42,1,-
DA:551,0
DA:553,0
BRDA:553,43,0,-
DA:554,0
BRDA:554,44,0,-
BRDA:554,44,1,-
DA:555,0
BRDA:555,45,0,-
BRDA:555,45,1,-
DA:556,0
DA:562,0
DA:564,0
DA:565,0
DA:566,0
DA:569,0
DA:570,0
DA:571,0
DA:572,0
DA:573,0
DA:574,0
DA:575,0
DA:577,0
DA:580,0
DA:581,0
DA:584,0
DA:589,0
DA:592,0
DA:598,0
DA:601,0
DA:602,0
DA:605,0
DA:606,0
DA:609,0
DA:610,0
DA:613,0
DA:614,0
DA:617,0
DA:620,0
BRDA:620,46,0,-
DA:621,0
DA:622,0
DA:624,0
BRDA:624,47,0,-
DA:625,0
DA:626,0
DA:629,0
DA:633,0
FN:633,VotingEscrowMoca._generateLockId
FNDA:0,VotingEscrowMoca._generateLockId
DA:634,0
DA:638,0
FN:638,VotingEscrowMoca._updateGlobal
FNDA:0,VotingEscrowMoca._updateGlobal
DA:640,0
BRDA:640,48,0,-
DA:642,0
DA:646,0
BRDA:646,49,0,-
DA:647,0
DA:648,0
DA:652,0
DA:654,0
DA:657,0
DA:659,0
DA:663,0
DA:665,0
DA:675,0
FN:675,VotingEscrowMoca._updateAccountAndGlobal
FNDA:0,VotingEscrowMoca._updateAccountAndGlobal
DA:685,0
DA:690,0
DA:693,0
DA:694,0
DA:697,0
DA:700,0
DA:703,0
DA:706,0
BRDA:706,50,0,-
DA:708,0
BRDA:708,51,0,-
DA:711,0
DA:712,0
DA:717,0
DA:720,0
DA:721,0
BRDA:721,52,0,-
DA:724,0
DA:726,0
DA:729,0
BRDA:729,53,0,-
DA:732,0
DA:734,0
DA:738,0
DA:739,0
DA:742,0
DA:746,0
DA:747,0
DA:750,0
DA:755,0
FN:755,VotingEscrowMoca._modifyPosition
FNDA:0,VotingEscrowMoca._modifyPosition
DA:766,0
DA:767,0
DA:770,0
DA:773,0
DA:774,0
DA:777,0
DA:778,0
DA:779,0
DA:782,0
DA:784,0
DA:799,0
FN:799,VotingEscrowMoca._subtractExpired
FNDA:0,VotingEscrowMoca._subtractExpired
DA:800,0
DA:803,0
DA:804,0
DA:805,0
DA:809,0
FN:809,VotingEscrowMoca._sub
FNDA:0,VotingEscrowMoca._sub
DA:810,0
DA:811,0
DA:812,0
DA:814,0
DA:818,0
FN:818,VotingEscrowMoca._add
FNDA:0,VotingEscrowMoca._add
DA:819,0
DA:820,0
DA:821,0
DA:823,0
DA:827,0
FN:827,VotingEscrowMoca._getValueAt
FNDA:0,VotingEscrowMoca._getValueAt
DA:828,0
BRDA:828,54,0,-
DA:829,0
DA:832,0
DA:836,0
FN:836,VotingEscrowMoca._convertToVeBalance
FNDA:0,VotingEscrowMoca._convertToVeBalance
DA:837,0
DA:839,0
DA:840,0
DA:842,0
DA:845,0
FN:845,VotingEscrowMoca._pushCheckpoint
FNDA:0,VotingEscrowMoca._pushCheckpoint
DA:846,0
DA:849,0
BRDA:849,55,0,-
BRDA:849,55,1,-
DA:850,0
DA:854,0
DA:859,0
FN:859,VotingEscrowMoca._mocaToken
FNDA:0,VotingEscrowMoca._mocaToken
DA:860,0
DA:864,0
FN:864,VotingEscrowMoca._esMocaToken
FNDA:0,VotingEscrowMoca._esMocaToken
DA:865,0
DA:871,0
FN:871,VotingEscrowMoca.onlyMonitorRole
FNDA:0,VotingEscrowMoca.onlyMonitorRole
DA:872,0
DA:873,0
BRDA:873,56,0,-
BRDA:873,56,1,-
DA:878,0
FN:878,VotingEscrowMoca.onlyCronJobRole
FNDA:0,VotingEscrowMoca.onlyCronJobRole
DA:879,0
DA:880,0
BRDA:880,57,0,-
BRDA:880,57,1,-
DA:885,0
FN:885,VotingEscrowMoca.onlyGlobalAdminRole
FNDA:0,VotingEscrowMoca.onlyGlobalAdminRole
DA:886,0
DA:887,0
BRDA:887,58,0,-
BRDA:887,58,1,-
DA:892,0
FN:892,VotingEscrowMoca.onlyEmergencyExitHandlerRole
FNDA:0,VotingEscrowMoca.onlyEmergencyExitHandlerRole
DA:893,0
DA:894,0
BRDA:894,59,0,-
BRDA:894,59,1,-
DA:902,0
FN:902,VotingEscrowMoca.onlyVotingControllerContract
FNDA:0,VotingEscrowMoca.onlyVotingControllerContract
DA:903,0
DA:904,0
BRDA:904,60,0,-
BRDA:904,60,1,-
DA:910,0
FN:910,VotingEscrowMoca.transfer
FNDA:0,VotingEscrowMoca.transfer
DA:911,0
DA:914,0
FN:914,VotingEscrowMoca.transferFrom
FNDA:0,VotingEscrowMoca.transferFrom
DA:915,0
DA:923,0
FN:923,VotingEscrowMoca.pause
FNDA:0,VotingEscrowMoca.pause
DA:924,0
DA:930,0
FN:930,VotingEscrowMoca.unpause
FNDA:0,VotingEscrowMoca.unpause
DA:931,0
BRDA:931,61,0,-
DA:932,0
DA:941,0
FN:941,VotingEscrowMoca.freeze
FNDA:0,VotingEscrowMoca.freeze
DA:942,0
BRDA:942,62,0,-
DA:944,0
DA:945,0
DA:957,0
FN:957,VotingEscrowMoca.emergencyExit
FNDA:0,VotingEscrowMoca.emergencyExit
DA:958,0
BRDA:958,63,0,-
BRDA:958,63,1,-
DA:959,0
BRDA:959,64,0,-
BRDA:959,64,1,-
DA:962,0
DA:963,0
DA:966,0
DA:967,0
DA:968,0
DA:971,0
DA:972,0
DA:975,0
BRDA:975,65,0,-
DA:978,0
DA:979,0
DA:982,0
DA:985,0
DA:986,0
DA:987,0
BRDA:987,66,0,-
DA:992,0
BRDA:992,67,0,-
DA:993,0
DA:994,0
DA:995,0
DA:999,0
BRDA:999,68,0,-
DA:1000,0
DA:1001,0
DA:1002,0
DA:1007,0
DA:1010,0
DA:1012,0
DA:1015,0
BRDA:1015,69,0,-
DA:1016,0
DA:1019,0
DA:1025,0
FN:1025,VotingEscrowMoca._viewGlobal
FNDA:0,VotingEscrowMoca._viewGlobal
DA:1027,0
BRDA:1027,70,0,-
DA:1030,0
BRDA:1030,71,0,-
DA:1031,0
DA:1032,0
DA:1036,0
DA:1038,0
DA:1041,0
DA:1045,0
DA:1049,0
FN:1049,VotingEscrowMoca._viewAccount
FNDA:0,VotingEscrowMoca._viewAccount
DA:1051,0
DA:1054,0
DA:1058,0
DA:1063,0
DA:1069,0
DA:1072,0
DA:1075,0
BRDA:1075,72,0,-
DA:1078,0
DA:1080,0
DA:1083,0
DA:1084,0
DA:1087,0
DA:1099,0
FN:1099,VotingEscrowMoca.totalSupply
FNDA:0,VotingEscrowMoca.totalSupply
DA:1100,0
BRDA:1100,73,0,-
DA:1103,0
DA:1105,0
DA:1116,0
FN:1116,VotingEscrowMoca.totalSupplyInFuture
FNDA:0,VotingEscrowMoca.totalSupplyInFuture
DA:1117,0
BRDA:1117,74,0,-
DA:1118,0
BRDA:1118,75,0,-
BRDA:1118,75,1,-
DA:1120,0
DA:1121,0
DA:1133,0
FN:1133,VotingEscrowMoca.balanceOf.0
FNDA:0,VotingEscrowMoca.balanceOf.0
DA:1134,0
BRDA:1134,76,0,-
BRDA:1134,76,1,-
DA:1135,0
BRDA:1135,77,0,-
DA:1136,0
DA:1146,0
FN:1146,VotingEscrowMoca.balanceOf.1
FNDA:0,VotingEscrowMoca.balanceOf.1
DA:1147,0
BRDA:1147,78,0,-
BRDA:1147,78,1,-
DA:1148,0
BRDA:1148,79,0,-
DA:1149,0
DA:1150,0
DA:1164,0
FN:1164,VotingEscrowMoca.balanceOfAt
FNDA:0,VotingEscrowMoca.balanceOfAt
DA:1165,0
BRDA:1165,80,0,-
BRDA:1165,80,1,-
DA:1166,0
BRDA:1166,81,0,-
DA:1167,0
BRDA:1167,82,0,-
BRDA:1167,82,1,-
DA:1170,0
DA:1173,0
DA:1176,0
DA:1188,0
FN:1188,VotingEscrowMoca.balanceAtEpochEnd
FNDA:0,VotingEscrowMoca.balanceAtEpochEnd
DA:1189,0
BRDA:1189,83,0,-
BRDA:1189,83,1,-
DA:1190,0
BRDA:1190,84,0,-
DA:1191,0
DA:1194,0
DA:1197,0
DA:1208,0
FN:1208,VotingEscrowMoca.getSpecificDelegatedBalanceAtEpochEnd
FNDA:0,VotingEscrowMoca.getSpecificDelegatedBalanceAtEpochEnd
DA:1209,0
BRDA:1209,85,0,-
BRDA:1209,85,1,-
DA:1210,0
BRDA:1210,86,0,-
BRDA:1210,86,1,-
DA:1211,0
BRDA:1211,87,0,-
DA:1212,0
DA:1213,0
DA:1224,0
FN:1224,VotingEscrowMoca.getLockHistoryLength
FNDA:0,VotingEscrowMoca.getLockHistoryLength
DA:1225,0
DA:1236,0
FN:1236,VotingEscrowMoca.getLockCurrentVeBalance
FNDA:0,VotingEscrowMoca.getLockCurrentVeBalance
DA:1238,0
DA:1249,0
FN:1249,VotingEscrowMoca.getLockCurrentVotingPower
FNDA:0,VotingEscrowMoca.getLockCurrentVotingPower
DA:1250,0
DA:1262,0
FN:1262,VotingEscrowMoca.getLockVeBalanceAt
FNDA:0,VotingEscrowMoca.getLockVeBalanceAt
DA:1263,0
BRDA:1263,88,0,-
BRDA:1263,88,1,-
DA:1265,0
DA:1266,0
DA:1267,0
BRDA:1267,89,0,-
DA:1270,0
DA:1271,0
DA:1274,0
BRDA:1274,90,0,-
DA:1277,0
BRDA:1277,91,0,-
DA:1281,0
DA:1282,0
DA:1283,0
BRDA:1283,92,0,-
BRDA:1283,92,1,-
DA:1284,0
DA:1286,0
DA:1291,0
FNF:48
FNH:1
LF:415
LH:3
BRF:152
BRH:0
end_of_record
TN:
SF:src/archive (ignore)/utils/RevertMsgExtractor.sol
DA:10,0
FN:10,RevertMsgExtractor.getRevertMsg
FNDA:0,RevertMsgExtractor.getRevertMsg
DA:15,0
BRDA:15,0,0,-
DA:19,0
DA:21,0
FNF:1
FNH:0
LF:4
LH:0
BRF:1
BRH:0
end_of_record
TN:
SF:src/libraries/EpochMath.sol
DA:27,0
FN:27,EpochMath.getEpochNumber
FNDA:0,EpochMath.getEpochNumber
DA:28,0
DA:32,0
FN:32,EpochMath.getCurrentEpochNumber
FNDA:0,EpochMath.getCurrentEpochNumber
DA:33,0
DA:37,0
FN:37,EpochMath.getEpochStartForTimestamp
FNDA:0,EpochMath.getEpochStartForTimestamp
DA:39,0
DA:43,0
FN:43,EpochMath.getEpochEndForTimestamp
FNDA:0,EpochMath.getEpochEndForTimestamp
DA:44,0
DA:49,0
FN:49,EpochMath.getCurrentEpochStart
FNDA:0,EpochMath.getCurrentEpochStart
DA:50,0
DA:54,0
FN:54,EpochMath.getCurrentEpochEnd
FNDA:0,EpochMath.getCurrentEpochEnd
DA:55,0
DA:58,0
FN:58,EpochMath.getEpochStartTimestamp
FNDA:0,EpochMath.getEpochStartTimestamp
DA:59,0
DA:63,0
FN:63,EpochMath.getEpochEndTimestamp
FNDA:0,EpochMath.getEpochEndTimestamp
DA:65,0
DA:69,66
FN:69,EpochMath.isValidEpochTime
FNDA:66,EpochMath.isValidEpochTime
DA:70,66
FNF:9
FNH:1
LF:18
LH:2
BRF:0
BRH:0
end_of_record
TN:
SF:test/IssuerStakingController.t.sol
DA:12,66
FN:12,StateT0_Deploy.setUp.0
FNDA:66,StateT0_Deploy.setUp.0
DA:13,0
DA:82,61
FN:82,StateT1_Issuer1Staked.setUp.1
FNDA:61,StateT1_Issuer1Staked.setUp.1
DA:83,0
DA:86,61
DA:87,61
DA:88,61
DA:89,61
DA:90,61
DA:174,57
FN:174,StateT1_InitiateUnstake_Partial.setUp.2
FNDA:57,StateT1_InitiateUnstake_Partial.setUp.2
DA:175,0
DA:178,57
DA:179,57
DA:181,57
DA:228,53
FN:228,StateT1_UpdateUnstakeDelay.setUp.3
FNDA:53,StateT1_UpdateUnstakeDelay.setUp.3
DA:229,0
DA:232,53
DA:233,53
DA:302,49
FN:302,StateT2_InitiateUnstake_Full.setUp.4
FNDA:49,StateT2_InitiateUnstake_Full.setUp.4
DA:303,0
DA:305,49
DA:308,49
DA:309,49
DA:311,49
DA:417,44
FN:417,StateT86402_FirstAvailableUnstakeClaim.setUp.5
FNDA:44,StateT86402_FirstAvailableUnstakeClaim.setUp.5
DA:418,0
DA:420,44
DA:486,42
FN:486,StateT604801_SecondAvailableUnstakeClaim.setUp.6
FNDA:42,StateT604801_SecondAvailableUnstakeClaim.setUp.6
DA:487,0
DA:490,42
DA:491,42
DA:494,42
DA:495,42
DA:498,42
DA:560,40
FN:560,StateT604801_SetMaxStakeAmount_ReducedMaxStakeAmount.setUp.7
FNDA:40,StateT604801_SetMaxStakeAmount_ReducedMaxStakeAmount.setUp.7
DA:561,0
DA:565,40
DA:566,40
DA:649,32
FN:649,StateT604801_Paused.setUp.8
FNDA:32,StateT604801_Paused.setUp.8
DA:650,0
DA:653,32
DA:654,32
DA:730,22
FN:730,StateT604801_Unpaused.setUp.9
FNDA:22,StateT604801_Unpaused.setUp.9
DA:731,0
DA:734,22
DA:735,22
DA:791,15
FN:791,StateT604801_Paused_Again.setUp.10
FNDA:15,StateT604801_Paused_Again.setUp.10
DA:792,0
DA:795,15
DA:796,15
DA:849,9
FN:849,StateT604801_Frozen.setUp.11
FNDA:9,StateT604801_Frozen.setUp.11
DA:850,0
DA:853,9
DA:854,9
FNF:12
FNH:12
LF:54
LH:42
BRF:0
BRH:0
end_of_record
TN:
SF:test/utils/MockMoca.sol
DA:9,260
FN:9,MockMoca.mint
FNDA:260,MockMoca.mint
DA:10,260
DA:13,0
FN:13,MockMoca.burn
FNDA:0,MockMoca.burn
DA:14,0
DA:17,0
FN:17,MockMoca.decimals
FNDA:0,MockMoca.decimals
DA:18,0
FNF:3
FNH:1
LF:6
LH:2
BRF:0
BRH:0
end_of_record
TN:
SF:test/utils/MockUSD8.sol
DA:10,198
FN:10,MockUSD8.mint
FNDA:198,MockUSD8.mint
DA:11,198
DA:14,0
FN:14,MockUSD8.burn
FNDA:0,MockUSD8.burn
DA:15,0
DA:18,0
FN:18,MockUSD8.decimals
FNDA:0,MockUSD8.decimals
DA:19,0
FNF:3
FNH:1
LF:6
LH:2
BRF:0
BRH:0
end_of_record
TN:
SF:test/utils/TestingHarness.sol
DA:120,66
FN:120,TestingHarness.setUp
FNDA:66,TestingHarness.setUp
DA:123,66
DA:124,66
DA:125,66
DA:128,66
DA:129,66
DA:132,66
DA:133,66
DA:136,66
DA:137,66
DA:138,66
DA:139,66
DA:140,66
DA:141,66
DA:144,66
DA:145,66
DA:146,66
DA:147,66
DA:148,66
DA:149,66
DA:150,66
DA:151,66
DA:152,66
DA:153,66
DA:154,66
DA:155,66
DA:157,66
DA:158,66
DA:159,66
DA:160,66
DA:163,66
DA:164,66
DA:165,66
DA:166,66
DA:169,66
DA:172,66
DA:173,66
DA:174,66
DA:178,66
DA:179,66
DA:180,66
DA:181,66
DA:184,66
DA:185,66
DA:186,66
DA:187,66
DA:190,66
DA:191,66
DA:202,66
DA:203,66
DA:204,66
DA:205,66
DA:206,66
DA:207,66
DA:214,0
FN:214,TestingHarness.generateLockId
FNDA:0,TestingHarness.generateLockId
DA:215,0
DA:232,0
FN:232,TestingHarness.generateDeductBalanceSignature
FNDA:0,TestingHarness.generateDeductBalanceSignature
DA:242,0
DA:253,0
DA:266,0
DA:269,0
DA:270,0
DA:283,0
FN:283,TestingHarness.generateDeductBalanceZeroFeeSignature
FNDA:0,TestingHarness.generateDeductBalanceZeroFeeSignature
DA:292,0
DA:303,0
DA:315,0
DA:318,0
DA:319,0
DA:327,0
FN:327,TestingHarness.getVerifierNonce
FNDA:0,TestingHarness.getVerifierNonce
DA:328,0
FNF:5
FNH:1
LF:70
LH:54
BRF:0
BRH:0
end_of_record
