TN:
SF:src/AccessController.sol
DA:63,0
FN:63,AccessController.constructor
FNDA:0,AccessController.constructor
DA:64,0
DA:67,0
DA:68,0
BRDA:68,0,0,-
BRDA:68,0,1,-
DA:71,0
DA:74,0
DA:75,0
DA:78,0
DA:79,0
DA:82,0
DA:83,0
DA:84,0
DA:85,0
DA:86,0
DA:87,0
DA:99,0
FN:99,AccessController.setRoleAdmin
FNDA:0,AccessController.setRoleAdmin
DA:100,0
DA:107,0
FN:107,AccessController.addMonitor
FNDA:0,AccessController.addMonitor
DA:108,0
DA:109,0
DA:112,0
FN:112,AccessController.removeMonitor
FNDA:0,AccessController.removeMonitor
DA:113,0
DA:114,0
DA:117,0
FN:117,AccessController.isMonitor
FNDA:0,AccessController.isMonitor
DA:118,0
DA:123,0
FN:123,AccessController.addCronJob
FNDA:0,AccessController.addCronJob
DA:124,0
DA:125,0
DA:128,0
FN:128,AccessController.removeCronJob
FNDA:0,AccessController.removeCronJob
DA:129,0
DA:130,0
DA:133,0
FN:133,AccessController.isCronJob
FNDA:0,AccessController.isCronJob
DA:134,0
DA:140,0
FN:140,AccessController.addMonitorAdmin
FNDA:0,AccessController.addMonitorAdmin
DA:141,0
DA:142,0
DA:145,0
FN:145,AccessController.removeMonitorAdmin
FNDA:0,AccessController.removeMonitorAdmin
DA:146,0
DA:147,0
DA:150,0
FN:150,AccessController.isMonitorAdmin
FNDA:0,AccessController.isMonitorAdmin
DA:151,0
DA:155,0
FN:155,AccessController.addCronJobAdmin
FNDA:0,AccessController.addCronJobAdmin
DA:156,0
DA:157,0
DA:160,0
FN:160,AccessController.removeCronJobAdmin
FNDA:0,AccessController.removeCronJobAdmin
DA:161,0
DA:162,0
DA:165,0
FN:165,AccessController.isCronJobAdmin
FNDA:0,AccessController.isCronJobAdmin
DA:166,0
DA:172,0
FN:172,AccessController.addPaymentsControllerAdmin
FNDA:0,AccessController.addPaymentsControllerAdmin
DA:173,0
DA:174,0
DA:177,0
FN:177,AccessController.removePaymentsControllerAdmin
FNDA:0,AccessController.removePaymentsControllerAdmin
DA:178,0
DA:179,0
DA:183,0
FN:183,AccessController.isPaymentsControllerAdmin
FNDA:0,AccessController.isPaymentsControllerAdmin
DA:184,0
DA:189,0
FN:189,AccessController.addVotingControllerAdmin
FNDA:0,AccessController.addVotingControllerAdmin
DA:190,0
DA:191,0
DA:194,0
FN:194,AccessController.removeVotingControllerAdmin
FNDA:0,AccessController.removeVotingControllerAdmin
DA:195,0
DA:196,0
DA:199,0
FN:199,AccessController.isVotingControllerAdmin
FNDA:0,AccessController.isVotingControllerAdmin
DA:200,0
DA:205,0
FN:205,AccessController.addVotingEscrowMocaAdmin
FNDA:0,AccessController.addVotingEscrowMocaAdmin
DA:206,0
DA:207,0
DA:210,0
FN:210,AccessController.removeVotingEscrowMocaAdmin
FNDA:0,AccessController.removeVotingEscrowMocaAdmin
DA:211,0
DA:212,0
DA:215,0
FN:215,AccessController.isVotingEscrowMocaAdmin
FNDA:0,AccessController.isVotingEscrowMocaAdmin
DA:216,0
DA:221,0
FN:221,AccessController.addEscrowedMocaAdmin
FNDA:0,AccessController.addEscrowedMocaAdmin
DA:222,0
DA:223,0
DA:226,0
FN:226,AccessController.removeEscrowedMocaAdmin
FNDA:0,AccessController.removeEscrowedMocaAdmin
DA:227,0
DA:228,0
DA:231,0
FN:231,AccessController.isEscrowedMocaAdmin
FNDA:0,AccessController.isEscrowedMocaAdmin
DA:232,0
DA:237,0
FN:237,AccessController.addAssetManager
FNDA:0,AccessController.addAssetManager
DA:238,0
DA:239,0
DA:242,0
FN:242,AccessController.removeAssetManager
FNDA:0,AccessController.removeAssetManager
DA:243,0
DA:244,0
DA:247,0
FN:247,AccessController.isAssetManager
FNDA:0,AccessController.isAssetManager
DA:248,0
DA:253,0
FN:253,AccessController.addEmergencyExitHandler
FNDA:0,AccessController.addEmergencyExitHandler
DA:254,0
DA:255,0
DA:258,0
FN:258,AccessController.removeEmergencyExitHandler
FNDA:0,AccessController.removeEmergencyExitHandler
DA:259,0
DA:260,0
DA:264,0
FN:264,AccessController.isEmergencyExitHandler
FNDA:0,AccessController.isEmergencyExitHandler
DA:265,0
DA:270,0
FN:270,AccessController.isGlobalAdmin
FNDA:0,AccessController.isGlobalAdmin
DA:271,0
DA:282,0
FN:282,AccessController.transferGlobalAdminFromAddressBook
FNDA:0,AccessController.transferGlobalAdminFromAddressBook
DA:284,0
BRDA:284,1,0,-
BRDA:284,1,1,-
DA:287,0
BRDA:287,2,0,-
BRDA:287,2,1,-
DA:290,0
DA:293,0
DA:295,0
DA:301,0
FN:301,AccessController.noZeroAddress
FNDA:0,AccessController.noZeroAddress
DA:302,0
BRDA:302,3,0,-
BRDA:302,3,1,-
FNF:35
FNH:0
LF:107
LH:0
BRF:8
BRH:0
end_of_record
TN:
SF:src/AddressBook.sol
DA:50,21
FN:50,AddressBook.constructor
FNDA:21,AddressBook.constructor
DA:53,21
DA:67,15
FN:67,AddressBook.setAddress
FNDA:15,AddressBook.setAddress
DA:69,15
BRDA:69,0,0,-
BRDA:69,0,1,-
DA:71,14
BRDA:71,1,0,-
BRDA:71,1,1,-
DA:73,13
DA:75,15
DA:84,22
FN:84,AddressBook._transferOwnership
FNDA:22,AddressBook._transferOwnership
DA:85,22
DA:88,22
DA:91,22
DA:94,22
DA:95,22
BRDA:95,2,0,-
DA:98,0
DA:101,22
DA:113,15
FN:113,AddressBook.getAddress
FNDA:15,AddressBook.getAddress
DA:114,15
DA:117,1
FN:117,AddressBook.getMocaNativeAdapter
FNDA:1,AddressBook.getMocaNativeAdapter
DA:118,1
DA:121,1
FN:121,AddressBook.getUSD8
FNDA:1,AddressBook.getUSD8
DA:122,1
DA:125,1
FN:125,AddressBook.getMoca
FNDA:1,AddressBook.getMoca
DA:126,1
DA:129,1
FN:129,AddressBook.getEscrowedMoca
FNDA:1,AddressBook.getEscrowedMoca
DA:130,1
DA:133,1
FN:133,AddressBook.getVotingEscrowMoca
FNDA:1,AddressBook.getVotingEscrowMoca
DA:134,1
DA:137,1
FN:137,AddressBook.getAccessController
FNDA:1,AddressBook.getAccessController
DA:138,1
DA:141,1
FN:141,AddressBook.getVotingController
FNDA:1,AddressBook.getVotingController
DA:142,1
DA:145,1
FN:145,AddressBook.getPaymentsController
FNDA:1,AddressBook.getPaymentsController
DA:146,1
DA:149,1
FN:149,AddressBook.getTreasury
FNDA:1,AddressBook.getTreasury
DA:150,1
DA:153,1
FN:153,AddressBook.getGlobalAdmin
FNDA:1,AddressBook.getGlobalAdmin
DA:154,1
DA:157,1
FN:157,AddressBook.getRouter
FNDA:1,AddressBook.getRouter
DA:158,1
DA:169,10
FN:169,AddressBook.pause
FNDA:10,AddressBook.pause
DA:170,10
BRDA:170,3,0,-
DA:171,0
DA:178,2
FN:178,AddressBook.unpause
FNDA:2,AddressBook.unpause
DA:179,2
BRDA:179,4,0,1
DA:180,0
DA:188,4
FN:188,AddressBook.freeze
FNDA:4,AddressBook.freeze
DA:189,4
BRDA:189,5,0,-
DA:190,4
DA:191,4
FNF:18
FNH:18
LF:49
LH:46
BRF:8
BRH:1
end_of_record
TN:
SF:src/EscrowedMoca.sol
DA:62,0
FN:62,EscrowedMoca.constructor
FNDA:0,EscrowedMoca.constructor
DA:64,0
BRDA:64,0,0,-
BRDA:64,0,1,-
DA:65,0
DA:67,0
BRDA:67,1,0,-
BRDA:67,1,1,-
DA:68,0
BRDA:68,2,0,-
BRDA:68,2,1,-
DA:69,0
DA:87,0
FN:87,EscrowedMoca.escrowMoca
FNDA:0,EscrowedMoca.escrowMoca
DA:88,0
BRDA:88,3,0,-
BRDA:88,3,1,-
DA:91,0
DA:92,0
DA:95,0
DA:97,0
DA:109,0
FN:109,EscrowedMoca.selectRedemptionOption
FNDA:0,EscrowedMoca.selectRedemptionOption
DA:111,0
BRDA:111,4,0,-
BRDA:111,4,1,-
DA:112,0
BRDA:112,5,0,-
BRDA:112,5,1,-
DA:113,0
BRDA:113,6,0,-
BRDA:113,6,1,-
DA:116,0
DA:117,0
BRDA:117,7,0,-
BRDA:117,7,1,-
DA:120,0
DA:121,0
DA:122,0
BRDA:122,8,0,-
BRDA:122,8,1,-
DA:124,0
DA:127,0
DA:128,0
DA:129,0
BRDA:129,9,0,-
BRDA:129,9,1,-
DA:137,0
DA:139,0
DA:142,0
DA:143,0
DA:145,0
BRDA:145,10,0,-
BRDA:145,10,1,-
DA:148,0
DA:149,0
DA:152,0
DA:154,0
DA:158,0
DA:162,0
DA:165,0
BRDA:165,11,0,-
DA:167,0
DA:168,0
DA:171,0
BRDA:171,12,0,-
DA:172,0
BRDA:172,13,0,-
DA:174,0
DA:187,0
FN:187,EscrowedMoca.claimRedemption
FNDA:0,EscrowedMoca.claimRedemption
DA:189,0
BRDA:189,14,0,-
BRDA:189,14,1,-
DA:191,0
DA:194,0
DA:195,0
BRDA:195,15,0,-
BRDA:195,15,1,-
DA:198,0
DA:201,0
DA:202,0
DA:204,0
DA:217,0
FN:217,EscrowedMoca.escrowMocaOnBehalf
FNDA:0,EscrowedMoca.escrowMocaOnBehalf
DA:218,0
DA:219,0
BRDA:219,16,0,-
BRDA:219,16,1,-
DA:221,0
DA:222,0
DA:224,0
DA:225,0
DA:228,0
BRDA:228,17,0,-
BRDA:228,17,1,-
DA:229,0
BRDA:229,18,0,-
BRDA:229,18,1,-
DA:232,0
DA:235,0
DA:239,0
DA:240,0
DA:242,0
DA:251,0
FN:251,EscrowedMoca.claimPenalties
FNDA:0,EscrowedMoca.claimPenalties
DA:253,0
DA:254,0
DA:255,0
BRDA:255,19,0,-
BRDA:255,19,1,-
DA:258,0
DA:259,0
DA:262,0
DA:263,0
DA:265,0
DA:274,0
FN:274,EscrowedMoca.releaseEscrowedMoca
FNDA:0,EscrowedMoca.releaseEscrowedMoca
DA:275,0
BRDA:275,20,0,-
BRDA:275,20,1,-
DA:277,0
BRDA:277,21,0,-
BRDA:277,21,1,-
DA:280,0
DA:283,0
DA:284,0
DA:286,0
DA:299,0
FN:299,EscrowedMoca.setPenaltyToVoters
FNDA:0,EscrowedMoca.setPenaltyToVoters
DA:301,0
BRDA:301,22,0,-
BRDA:301,22,1,-
DA:302,0
BRDA:302,23,0,-
BRDA:302,23,1,-
DA:304,0
DA:305,0
DA:307,0
DA:319,0
FN:319,EscrowedMoca.setRedemptionOption
FNDA:0,EscrowedMoca.setRedemptionOption
DA:321,0
BRDA:321,24,0,-
BRDA:321,24,1,-
DA:322,0
BRDA:322,25,0,-
BRDA:322,25,1,-
DA:325,0
BRDA:325,26,0,-
BRDA:325,26,1,-
DA:327,0
DA:333,0
DA:342,0
FN:342,EscrowedMoca.setRedemptionOptionStatus
FNDA:0,EscrowedMoca.setRedemptionOptionStatus
DA:343,0
DA:345,0
BRDA:345,27,0,-
BRDA:345,27,1,-
DA:346,0
BRDA:346,28,0,-
BRDA:346,28,1,-
DA:347,0
DA:348,0
DA:351,0
BRDA:351,29,0,-
BRDA:351,29,1,-
DA:352,0
DA:353,0
DA:364,0
FN:364,EscrowedMoca.setWhitelistStatus
FNDA:0,EscrowedMoca.setWhitelistStatus
DA:365,0
BRDA:365,30,0,-
BRDA:365,30,1,-
DA:367,0
DA:368,0
BRDA:368,31,0,-
BRDA:368,31,1,-
DA:370,0
DA:372,0
DA:378,0
FN:378,EscrowedMoca._moca
FNDA:0,EscrowedMoca._moca
DA:379,0
DA:385,0
FN:385,EscrowedMoca.onlyEscrowedMocaAdmin
FNDA:0,EscrowedMoca.onlyEscrowedMocaAdmin
DA:386,0
DA:387,0
BRDA:387,32,0,-
BRDA:387,32,1,-
DA:392,0
FN:392,EscrowedMoca.onlyAssetManager
FNDA:0,EscrowedMoca.onlyAssetManager
DA:393,0
DA:394,0
BRDA:394,33,0,-
BRDA:394,33,1,-
DA:399,0
FN:399,EscrowedMoca.onlyMonitor
FNDA:0,EscrowedMoca.onlyMonitor
DA:400,0
DA:401,0
BRDA:401,34,0,-
BRDA:401,34,1,-
DA:406,0
FN:406,EscrowedMoca.onlyGlobalAdmin
FNDA:0,EscrowedMoca.onlyGlobalAdmin
DA:407,0
DA:408,0
BRDA:408,35,0,-
BRDA:408,35,1,-
DA:413,0
FN:413,EscrowedMoca.onlyEmergencyExitHandler
FNDA:0,EscrowedMoca.onlyEmergencyExitHandler
DA:414,0
DA:415,0
BRDA:415,36,0,-
BRDA:415,36,1,-
DA:429,0
FN:429,EscrowedMoca.transfer
FNDA:0,EscrowedMoca.transfer
DA:430,0
BRDA:430,37,0,-
BRDA:430,37,1,-
DA:431,0
DA:442,0
FN:442,EscrowedMoca.transferFrom
FNDA:0,EscrowedMoca.transferFrom
DA:443,0
BRDA:443,38,0,-
BRDA:443,38,1,-
DA:444,0
DA:453,0
FN:453,EscrowedMoca.pause
FNDA:0,EscrowedMoca.pause
DA:454,0
BRDA:454,39,0,-
DA:455,0
DA:462,0
FN:462,EscrowedMoca.unpause
FNDA:0,EscrowedMoca.unpause
DA:463,0
BRDA:463,40,0,-
DA:464,0
DA:472,0
FN:472,EscrowedMoca.freeze
FNDA:0,EscrowedMoca.freeze
DA:473,0
BRDA:473,41,0,-
DA:474,0
DA:475,0
DA:485,0
FN:485,EscrowedMoca.emergencyExit
FNDA:0,EscrowedMoca.emergencyExit
DA:486,0
BRDA:486,42,0,-
DA:489,0
DA:490,0
BRDA:490,43,0,-
BRDA:490,43,1,-
DA:493,0
DA:496,0
FNF:23
FNH:0
LF:147
LH:0
BRF:81
BRH:0
end_of_record
TN:
SF:src/PaymentsController.sol
DA:88,0
FN:88,PaymentsController.constructor
FNDA:0,PaymentsController.constructor
DA:93,0
BRDA:93,0,0,-
BRDA:93,0,1,-
DA:94,0
DA:97,0
BRDA:97,1,0,-
BRDA:97,1,1,-
DA:98,0
BRDA:98,2,0,-
BRDA:98,2,1,-
DA:99,0
DA:102,0
BRDA:102,3,0,-
BRDA:102,3,1,-
DA:103,0
BRDA:103,4,0,-
BRDA:103,4,1,-
DA:104,0
DA:107,0
BRDA:107,5,0,-
BRDA:107,5,1,-
DA:108,0
BRDA:108,6,0,-
BRDA:108,6,1,-
DA:109,0
DA:122,0
FN:122,PaymentsController.createIssuer
FNDA:0,PaymentsController.createIssuer
DA:123,0
BRDA:123,7,0,-
BRDA:123,7,1,-
DA:126,0
DA:129,0
BRDA:129,8,0,-
BRDA:129,8,1,-
DA:138,0
DA:139,0
DA:140,0
DA:141,0
DA:143,0
DA:145,0
DA:156,0
FN:156,PaymentsController.createSchema
FNDA:0,PaymentsController.createSchema
DA:158,0
BRDA:158,9,0,-
BRDA:158,9,1,-
DA:162,0
BRDA:162,10,0,-
BRDA:162,10,1,-
DA:165,0
DA:166,0
DA:169,0
BRDA:169,11,0,-
BRDA:169,11,1,-
DA:177,0
DA:180,0
DA:181,0
DA:182,0
DA:183,0
DA:185,0
DA:187,0
DA:198,0
FN:198,PaymentsController.updateSchemaFee
FNDA:0,PaymentsController.updateSchemaFee
DA:200,0
DA:201,0
DA:204,0
BRDA:204,12,0,-
BRDA:204,12,1,-
DA:207,0
BRDA:207,13,0,-
BRDA:207,13,1,-
DA:210,0
BRDA:210,14,0,-
BRDA:210,14,1,-
DA:213,0
DA:214,0
BRDA:214,15,0,-
BRDA:214,15,1,-
DA:215,0
DA:217,0
DA:221,0
DA:224,0
DA:225,0
DA:227,0
DA:230,0
DA:241,0
FN:241,PaymentsController.claimFees
FNDA:0,PaymentsController.claimFees
DA:243,0
DA:246,0
BRDA:246,16,0,-
BRDA:246,16,1,-
DA:248,0
DA:251,0
BRDA:251,17,0,-
BRDA:251,17,1,-
DA:254,0
DA:257,0
DA:259,0
DA:262,0
DA:275,0
FN:275,PaymentsController.createVerifier
FNDA:0,PaymentsController.createVerifier
DA:276,0
BRDA:276,18,0,-
BRDA:276,18,1,-
DA:277,0
BRDA:277,19,0,-
BRDA:277,19,1,-
DA:280,0
DA:283,0
BRDA:283,20,0,-
BRDA:283,20,1,-
DA:292,0
DA:293,0
DA:294,0
DA:295,0
DA:296,0
DA:298,0
DA:300,0
DA:311,0
FN:311,PaymentsController.deposit
FNDA:0,PaymentsController.deposit
DA:313,0
DA:316,0
DA:317,0
BRDA:317,21,0,-
BRDA:317,21,1,-
DA:320,0
DA:322,0
DA:325,0
DA:336,0
FN:336,PaymentsController.withdraw
FNDA:0,PaymentsController.withdraw
DA:337,0
BRDA:337,22,0,-
BRDA:337,22,1,-
DA:340,0
DA:343,0
DA:344,0
BRDA:344,23,0,-
BRDA:344,23,1,-
DA:347,0
DA:348,0
BRDA:348,24,0,-
BRDA:348,24,1,-
DA:351,0
DA:353,0
DA:356,0
DA:365,0
FN:365,PaymentsController.updateSignerAddress
FNDA:0,PaymentsController.updateSignerAddress
DA:366,0
BRDA:366,25,0,-
BRDA:366,25,1,-
DA:369,0
DA:372,0
BRDA:372,26,0,-
BRDA:372,26,1,-
DA:375,0
BRDA:375,27,0,-
BRDA:375,27,1,-
DA:378,0
DA:380,0
DA:390,0
FN:390,PaymentsController.stakeMoca
FNDA:0,PaymentsController.stakeMoca
DA:391,0
BRDA:391,28,0,-
BRDA:391,28,1,-
DA:394,0
DA:397,0
DA:398,0
BRDA:398,29,0,-
BRDA:398,29,1,-
DA:401,0
DA:402,0
DA:405,0
DA:407,0
DA:417,0
FN:417,PaymentsController.unstakeMoca
FNDA:0,PaymentsController.unstakeMoca
DA:418,0
BRDA:418,30,0,-
BRDA:418,30,1,-
DA:421,0
DA:424,0
DA:425,0
BRDA:425,31,0,-
BRDA:425,31,1,-
DA:428,0
BRDA:428,32,0,-
BRDA:428,32,1,-
DA:431,0
DA:432,0
DA:435,0
DA:437,0
DA:449,0
FN:449,PaymentsController.updateAssetAddress
FNDA:0,PaymentsController.updateAssetAddress
DA:450,0
BRDA:450,33,0,-
BRDA:450,33,1,-
DA:453,0
DA:454,0
DA:456,0
BRDA:456,34,0,-
BRDA:456,34,1,-
DA:459,0
BRDA:459,35,0,-
BRDA:459,35,1,-
DA:460,0
DA:462,0
BRDA:462,36,0,-
BRDA:462,36,1,-
DA:465,0
BRDA:465,37,0,-
BRDA:465,37,1,-
DA:466,0
DA:469,0
DA:472,0
DA:473,0
DA:489,0
FN:489,PaymentsController.deductBalance
FNDA:0,PaymentsController.deductBalance
DA:490,0
BRDA:490,38,0,-
BRDA:490,38,1,-
DA:491,0
BRDA:491,39,0,-
BRDA:491,39,1,-
DA:494,0
DA:495,0
DA:498,0
BRDA:498,40,0,-
BRDA:498,40,1,-
DA:501,0
DA:502,0
BRDA:502,41,0,-
DA:504,0
DA:505,0
DA:508,0
DA:511,0
DA:515,0
DA:516,0
DA:517,0
DA:521,0
DA:523,0
BRDA:523,42,0,-
BRDA:523,42,1,-
DA:524,0
DA:527,0
BRDA:527,43,0,-
BRDA:527,43,1,-
DA:531,0
DA:532,0
DA:533,0
DA:534,0
DA:537,0
DA:538,0
DA:539,0
DA:543,0
DA:546,0
BRDA:546,44,0,-
BRDA:546,44,1,-
DA:547,0
DA:548,0
DA:551,0
DA:552,0
DA:553,0
DA:556,0
DA:559,0
BRDA:559,45,0,-
DA:561,0
DA:564,0
DA:565,0
DA:566,0
DA:570,0
DA:571,0
DA:572,0
DA:574,0
DA:575,0
DA:577,0
DA:580,0
DA:581,0
DA:594,0
FN:594,PaymentsController.deductBalanceZeroFee
FNDA:0,PaymentsController.deductBalanceZeroFee
DA:595,0
BRDA:595,46,0,-
BRDA:595,46,1,-
DA:598,0
BRDA:598,47,0,-
BRDA:598,47,1,-
DA:601,0
DA:602,0
DA:612,0
BRDA:612,48,0,-
BRDA:612,48,1,-
DA:616,0
DA:617,0
DA:618,0
DA:621,0
DA:629,0
FN:629,PaymentsController._bookSubsidy
FNDA:0,PaymentsController._bookSubsidy
DA:631,0
DA:634,0
BRDA:634,49,0,-
DA:636,0
DA:638,0
BRDA:638,50,0,-
DA:640,0
DA:641,0
DA:642,0
DA:648,0
FN:648,PaymentsController._usd8
FNDA:0,PaymentsController._usd8
DA:649,0
DA:653,0
FN:653,PaymentsController._moca
FNDA:0,PaymentsController._moca
DA:654,0
DA:660,0
FN:660,PaymentsController.updatePoolId
FNDA:0,PaymentsController.updatePoolId
DA:661,0
BRDA:661,51,0,-
BRDA:661,51,1,-
DA:662,0
DA:664,0
DA:667,0
FN:667,PaymentsController.updateFeeIncreaseDelayPeriod
FNDA:0,PaymentsController.updateFeeIncreaseDelayPeriod
DA:668,0
BRDA:668,52,0,-
BRDA:668,52,1,-
DA:669,0
BRDA:669,53,0,-
BRDA:669,53,1,-
DA:671,0
DA:673,0
DA:677,0
FN:677,PaymentsController.updateProtocolFeePercentage
FNDA:0,PaymentsController.updateProtocolFeePercentage
DA:679,0
BRDA:679,54,0,-
BRDA:679,54,1,-
DA:681,0
BRDA:681,55,0,-
BRDA:681,55,1,-
DA:683,0
DA:685,0
DA:689,0
FN:689,PaymentsController.updateVotingFeePercentage
FNDA:0,PaymentsController.updateVotingFeePercentage
DA:691,0
BRDA:691,56,0,-
BRDA:691,56,1,-
DA:693,0
BRDA:693,57,0,-
BRDA:693,57,1,-
DA:695,0
DA:697,0
DA:701,0
FN:701,PaymentsController.updateVerifierSubsidyPercentages
FNDA:0,PaymentsController.updateVerifierSubsidyPercentages
DA:702,0
BRDA:702,58,0,-
BRDA:702,58,1,-
DA:703,0
BRDA:703,59,0,-
BRDA:703,59,1,-
DA:705,0
DA:707,0
DA:717,0
FN:717,PaymentsController.withdrawProtocolFees
FNDA:0,PaymentsController.withdrawProtocolFees
DA:718,0
BRDA:718,60,0,-
BRDA:718,60,1,-
DA:721,0
DA:723,0
BRDA:723,61,0,-
BRDA:723,61,1,-
DA:726,0
DA:727,0
BRDA:727,62,0,-
BRDA:727,62,1,-
DA:730,0
DA:731,0
BRDA:731,63,0,-
BRDA:731,63,1,-
DA:734,0
DA:735,0
DA:736,0
DA:738,0
DA:746,0
FN:746,PaymentsController.withdrawVotersFees
FNDA:0,PaymentsController.withdrawVotersFees
DA:747,0
BRDA:747,64,0,-
BRDA:747,64,1,-
DA:750,0
DA:752,0
BRDA:752,65,0,-
BRDA:752,65,1,-
DA:755,0
DA:756,0
BRDA:756,66,0,-
BRDA:756,66,1,-
DA:759,0
DA:760,0
BRDA:760,67,0,-
BRDA:760,67,1,-
DA:763,0
DA:764,0
DA:765,0
DA:767,0
DA:775,0
FN:775,PaymentsController.pause
FNDA:0,PaymentsController.pause
DA:776,0
BRDA:776,68,0,-
DA:777,0
DA:783,0
FN:783,PaymentsController.unpause
FNDA:0,PaymentsController.unpause
DA:784,0
BRDA:784,69,0,-
DA:785,0
DA:794,0
FN:794,PaymentsController.freeze
FNDA:0,PaymentsController.freeze
DA:795,0
BRDA:795,70,0,-
DA:796,0
DA:797,0
DA:807,0
FN:807,PaymentsController.emergencyExitVerifiers
FNDA:0,PaymentsController.emergencyExitVerifiers
DA:808,0
BRDA:808,71,0,-
DA:809,0
BRDA:809,72,0,-
DA:812,0
DA:815,0
DA:818,0
DA:819,0
DA:820,0
BRDA:820,73,0,-
DA:823,0
DA:826,0
BRDA:826,74,0,-
DA:827,0
BRDA:827,75,0,-
DA:832,0
DA:842,0
FN:842,PaymentsController.emergencyExitIssuers
FNDA:0,PaymentsController.emergencyExitIssuers
DA:843,0
BRDA:843,76,0,-
DA:844,0
BRDA:844,77,0,-
DA:847,0
DA:850,0
DA:853,0
DA:854,0
BRDA:854,78,0,-
DA:857,0
DA:860,0
DA:861,0
DA:864,0
DA:874,0
FN:874,PaymentsController.emergencyExitFees
FNDA:0,PaymentsController.emergencyExitFees
DA:875,0
BRDA:875,79,0,-
DA:877,0
DA:878,0
BRDA:878,80,0,-
DA:881,0
DA:882,0
BRDA:882,81,0,-
BRDA:882,81,1,-
DA:885,0
DA:891,0
DA:897,0
FN:897,PaymentsController.onlyMonitor
FNDA:0,PaymentsController.onlyMonitor
DA:898,0
DA:899,0
BRDA:899,82,0,-
BRDA:899,82,1,-
DA:903,0
FN:903,PaymentsController.onlyPaymentsAdmin
FNDA:0,PaymentsController.onlyPaymentsAdmin
DA:904,0
DA:905,0
BRDA:905,83,0,-
BRDA:905,83,1,-
DA:909,0
FN:909,PaymentsController.onlyGlobalAdmin
FNDA:0,PaymentsController.onlyGlobalAdmin
DA:910,0
DA:911,0
BRDA:911,84,0,-
BRDA:911,84,1,-
DA:915,0
FN:915,PaymentsController.onlyAssetManager
FNDA:0,PaymentsController.onlyAssetManager
DA:916,0
DA:917,0
BRDA:917,85,0,-
BRDA:917,85,1,-
DA:921,0
FN:921,PaymentsController.onlyEmergencyExitHandler
FNDA:0,PaymentsController.onlyEmergencyExitHandler
DA:922,0
DA:923,0
BRDA:923,86,0,-
BRDA:923,86,1,-
DA:931,0
FN:931,PaymentsController.getVerifierAndPoolAccruedSubsidies
FNDA:0,PaymentsController.getVerifierAndPoolAccruedSubsidies
DA:933,0
BRDA:933,87,0,-
BRDA:933,87,1,-
DA:934,0
DA:942,0
FN:942,PaymentsController.getIssuer
FNDA:0,PaymentsController.getIssuer
DA:943,0
DA:951,0
FN:951,PaymentsController.getSchema
FNDA:0,PaymentsController.getSchema
DA:952,0
DA:960,0
FN:960,PaymentsController.getVerifier
FNDA:0,PaymentsController.getVerifier
DA:961,0
DA:969,0
FN:969,PaymentsController.getVerifierNonce
FNDA:0,PaymentsController.getVerifierNonce
DA:970,0
DA:973,0
FN:973,PaymentsController.getVerifierSubsidyPercentage
FNDA:0,PaymentsController.getVerifierSubsidyPercentage
DA:974,0
DA:978,0
FN:978,PaymentsController.getEpochPoolSubsidies
FNDA:0,PaymentsController.getEpochPoolSubsidies
DA:979,0
DA:982,0
FN:982,PaymentsController.getEpochPoolVerifierSubsidies
FNDA:0,PaymentsController.getEpochPoolVerifierSubsidies
DA:983,0
DA:987,0
FN:987,PaymentsController.getEpochPoolFeesAccrued
FNDA:0,PaymentsController.getEpochPoolFeesAccrued
DA:988,0
DA:991,0
FN:991,PaymentsController.getEpochFeesAccrued
FNDA:0,PaymentsController.getEpochFeesAccrued
DA:992,0
FNF:45
FNH:0
LF:321
LH:0
BRF:159
BRH:0
end_of_record
TN:
SF:src/VotingController.sol
DA:93,0
FN:93,VotingController.constructor
FNDA:0,VotingController.constructor
DA:94,0
BRDA:94,0,0,-
BRDA:94,0,1,-
DA:95,0
BRDA:95,1,0,-
BRDA:95,1,1,-
DA:97,0
DA:100,0
BRDA:100,2,0,-
BRDA:100,2,1,-
DA:101,0
BRDA:101,3,0,-
BRDA:101,3,1,-
DA:102,0
DA:105,0
DA:108,0
BRDA:108,4,0,-
BRDA:108,4,1,-
DA:109,0
DA:124,0
FN:124,VotingController.vote
FNDA:0,VotingController.vote
DA:126,0
BRDA:126,5,0,-
BRDA:126,5,1,-
DA:127,0
BRDA:127,6,0,-
BRDA:127,6,1,-
DA:130,0
DA:131,0
DA:134,0
BRDA:134,7,0,-
BRDA:134,7,1,-
DA:137,0
DA:140,0
DA:143,0
BRDA:143,8,0,-
DA:145,0
BRDA:145,9,0,-
BRDA:145,9,1,-
DA:148,0
BRDA:148,10,0,-
DA:149,0
DA:152,0
BRDA:152,11,0,-
DA:153,0
DA:160,0
DA:161,0
DA:164,0
DA:165,0
BRDA:165,12,0,-
BRDA:165,12,1,-
DA:169,0
DA:170,0
DA:171,0
DA:172,0
DA:175,0
BRDA:175,13,0,-
BRDA:175,13,1,-
DA:178,0
DA:181,0
BRDA:181,14,0,-
BRDA:181,14,1,-
DA:182,0
BRDA:182,15,0,-
BRDA:182,15,1,-
DA:185,0
DA:186,0
BRDA:186,16,0,-
BRDA:186,16,1,-
DA:189,0
DA:190,0
DA:193,0
DA:197,0
DA:198,0
DA:200,0
DA:214,0
FN:214,VotingController.migrateVotes
FNDA:0,VotingController.migrateVotes
DA:216,0
DA:217,0
BRDA:217,17,0,-
BRDA:217,17,1,-
DA:218,0
BRDA:218,18,0,-
BRDA:218,18,1,-
DA:219,0
BRDA:219,19,0,-
BRDA:219,19,1,-
DA:222,0
DA:223,0
DA:226,0
BRDA:226,20,0,-
BRDA:226,20,1,-
DA:229,0
DA:230,0
DA:233,0
BRDA:233,21,0,-
DA:235,0
BRDA:235,22,0,-
BRDA:235,22,1,-
DA:238,0
BRDA:238,23,0,-
DA:239,0
DA:242,0
BRDA:242,24,0,-
DA:243,0
DA:249,0
DA:251,0
DA:252,0
DA:253,0
DA:256,0
BRDA:256,25,0,-
BRDA:256,25,1,-
DA:257,0
BRDA:257,26,0,-
BRDA:257,26,1,-
DA:260,0
DA:261,0
DA:262,0
DA:263,0
DA:266,0
BRDA:266,27,0,-
BRDA:266,27,1,-
DA:267,0
BRDA:267,28,0,-
BRDA:267,28,1,-
DA:268,0
BRDA:268,29,0,-
BRDA:268,29,1,-
DA:271,0
DA:272,0
BRDA:272,30,0,-
BRDA:272,30,1,-
DA:275,0
DA:276,0
DA:277,0
DA:280,0
DA:281,0
DA:282,0
DA:287,0
DA:301,0
FN:301,VotingController.registerAsDelegate
FNDA:0,VotingController.registerAsDelegate
DA:302,0
BRDA:302,31,0,-
BRDA:302,31,1,-
DA:303,0
BRDA:303,32,0,-
BRDA:303,32,1,-
DA:305,0
DA:306,0
BRDA:306,33,0,-
BRDA:306,33,1,-
DA:309,0
DA:310,0
BRDA:310,34,0,-
DA:311,0
DA:312,0
DA:316,0
DA:319,0
DA:320,0
DA:321,0
DA:323,0
DA:334,0
FN:334,VotingController.updateDelegateFee
FNDA:0,VotingController.updateDelegateFee
DA:335,0
BRDA:335,35,0,-
BRDA:335,35,1,-
DA:336,0
BRDA:336,36,0,-
BRDA:336,36,1,-
DA:338,0
DA:339,0
BRDA:339,37,0,-
BRDA:339,37,1,-
DA:341,0
DA:344,0
DA:346,0
DA:349,0
BRDA:349,38,0,-
BRDA:349,38,1,-
DA:351,0
DA:352,0
DA:355,0
DA:357,0
DA:361,0
DA:362,0
DA:368,0
DA:381,0
FN:381,VotingController.unregisterAsDelegate
FNDA:0,VotingController.unregisterAsDelegate
DA:382,0
DA:384,0
DA:385,0
BRDA:385,39,0,-
BRDA:385,39,1,-
DA:386,0
BRDA:386,40,0,-
BRDA:386,40,1,-
DA:392,0
DA:395,0
DA:419,0
FN:419,VotingController.voterClaimRewards
FNDA:0,VotingController.voterClaimRewards
DA:420,0
BRDA:420,41,0,-
BRDA:420,41,1,-
DA:423,0
BRDA:423,42,0,-
BRDA:423,42,1,-
DA:425,0
DA:426,0
DA:427,0
DA:430,0
BRDA:430,43,0,-
BRDA:430,43,1,-
DA:431,0
BRDA:431,44,0,-
BRDA:431,44,1,-
DA:436,0
DA:437,0
DA:438,0
DA:441,0
BRDA:441,45,0,-
DA:444,0
DA:445,0
BRDA:445,46,0,-
DA:448,0
DA:451,0
DA:452,0
DA:455,0
DA:458,0
BRDA:458,47,0,-
DA:461,0
DA:464,0
DA:467,0
DA:469,0
DA:492,0
FN:492,VotingController.claimRewardsFromDelegate
FNDA:0,VotingController.claimRewardsFromDelegate
DA:494,0
BRDA:494,48,0,-
BRDA:494,48,1,-
DA:495,0
BRDA:495,49,0,-
BRDA:495,49,1,-
DA:497,0
DA:499,0
DA:501,0
DA:502,0
DA:504,0
BRDA:504,50,0,-
DA:507,0
DA:510,0
BRDA:510,51,0,-
DA:511,0
DA:512,0
DA:516,0
DA:520,0
BRDA:520,52,0,-
BRDA:520,52,1,-
DA:523,0
DA:524,0
DA:536,0
FN:536,VotingController.claimDelegateFees
FNDA:0,VotingController.claimDelegateFees
DA:537,0
BRDA:537,53,0,-
BRDA:537,53,1,-
DA:540,0
BRDA:540,54,0,-
BRDA:540,54,1,-
DA:542,0
BRDA:542,55,0,-
BRDA:542,55,1,-
DA:544,0
DA:545,0
DA:548,0
DA:549,0
DA:550,0
DA:552,0
BRDA:552,56,0,-
DA:554,0
DA:559,0
BRDA:559,57,0,-
DA:560,0
DA:561,0
DA:565,0
DA:569,0
BRDA:569,58,0,-
DA:570,0
DA:571,0
DA:589,0
FN:589,VotingController.claimSubsidies
FNDA:0,VotingController.claimSubsidies
DA:590,0
BRDA:590,59,0,-
BRDA:590,59,1,-
DA:593,0
BRDA:593,60,0,-
BRDA:593,60,1,-
DA:595,0
DA:596,0
DA:597,0
DA:600,0
BRDA:600,61,0,-
BRDA:600,61,1,-
DA:601,0
DA:602,0
BRDA:602,62,0,-
BRDA:602,62,1,-
DA:605,0
BRDA:605,63,0,-
BRDA:605,63,1,-
DA:608,0
DA:610,0
DA:615,0
DA:618,0
DA:619,0
BRDA:619,64,0,-
BRDA:619,64,1,-
DA:622,0
DA:623,0
BRDA:623,65,0,-
DA:625,0
DA:628,0
DA:629,0
DA:630,0
DA:633,0
DA:634,0
DA:637,0
BRDA:637,66,0,-
DA:640,0
DA:641,0
DA:644,0
DA:648,0
DA:662,0
FN:662,VotingController.depositEpochSubsidies
FNDA:0,VotingController.depositEpochSubsidies
DA:664,0
BRDA:664,67,0,-
BRDA:664,67,1,-
DA:667,0
DA:668,0
BRDA:668,68,0,-
BRDA:668,68,1,-
DA:671,0
DA:672,0
BRDA:672,69,0,-
BRDA:672,69,1,-
DA:675,0
BRDA:675,70,0,-
BRDA:675,70,1,-
DA:678,0
BRDA:678,71,0,-
DA:680,0
DA:683,0
DA:684,0
DA:686,0
DA:690,0
DA:691,0
DA:712,0
FN:712,VotingController.finalizeEpochRewardsSubsidies
FNDA:0,VotingController.finalizeEpochRewardsSubsidies
DA:713,0
BRDA:713,72,0,-
BRDA:713,72,1,-
DA:714,0
BRDA:714,73,0,-
BRDA:714,73,1,-
DA:717,0
DA:718,0
BRDA:718,74,0,-
BRDA:718,74,1,-
DA:721,0
DA:722,0
BRDA:722,75,0,-
BRDA:722,75,1,-
DA:723,0
BRDA:723,76,0,-
BRDA:723,76,1,-
DA:726,0
DA:727,0
DA:731,0
DA:732,0
DA:733,0
DA:734,0
DA:737,0
DA:738,0
DA:741,0
BRDA:741,77,0,-
BRDA:741,77,1,-
DA:742,0
BRDA:742,78,0,-
BRDA:742,78,1,-
DA:743,0
BRDA:743,79,0,-
BRDA:743,79,1,-
DA:745,0
DA:748,0
BRDA:748,80,0,-
DA:750,0
DA:753,0
BRDA:753,81,0,-
DA:754,0
DA:755,0
DA:760,0
BRDA:760,82,0,-
DA:761,0
DA:762,0
DA:764,0
DA:768,0
DA:772,0
DA:774,0
DA:776,0
DA:779,0
DA:782,0
BRDA:782,83,0,-
DA:783,0
DA:784,0
DA:799,0
FN:799,VotingController.withdrawUnclaimedRewards
FNDA:0,VotingController.withdrawUnclaimedRewards
DA:801,0
BRDA:801,84,0,-
BRDA:801,84,1,-
DA:804,0
BRDA:804,85,0,-
BRDA:804,85,1,-
DA:807,0
DA:808,0
BRDA:808,86,0,-
BRDA:808,86,1,-
DA:810,0
DA:811,0
BRDA:811,87,0,-
BRDA:811,87,1,-
DA:813,0
DA:815,0
DA:826,0
FN:826,VotingController.withdrawUnclaimedSubsidies
FNDA:0,VotingController.withdrawUnclaimedSubsidies
DA:828,0
BRDA:828,88,0,-
BRDA:828,88,1,-
DA:831,0
BRDA:831,89,0,-
BRDA:831,89,1,-
DA:834,0
DA:835,0
BRDA:835,90,0,-
BRDA:835,90,1,-
DA:837,0
DA:838,0
BRDA:838,91,0,-
BRDA:838,91,1,-
DA:841,0
DA:844,0
DA:847,0
FN:847,VotingController.withdrawRegistrationFees
FNDA:0,VotingController.withdrawRegistrationFees
DA:848,0
BRDA:848,92,0,-
BRDA:848,92,1,-
DA:850,0
DA:851,0
BRDA:851,93,0,-
BRDA:851,93,1,-
DA:853,0
DA:854,0
BRDA:854,94,0,-
BRDA:854,94,1,-
DA:856,0
DA:858,0
DA:868,0
FN:868,VotingController.setMaxDelegateFeePct
FNDA:0,VotingController.setMaxDelegateFeePct
DA:869,0
BRDA:869,95,0,-
BRDA:869,95,1,-
DA:870,0
BRDA:870,96,0,-
BRDA:870,96,1,-
DA:872,0
DA:874,0
DA:883,0
FN:883,VotingController.setFeeIncreaseDelayEpochs
FNDA:0,VotingController.setFeeIncreaseDelayEpochs
DA:884,0
BRDA:884,97,0,-
BRDA:884,97,1,-
DA:885,0
BRDA:885,98,0,-
BRDA:885,98,1,-
DA:887,0
DA:888,0
DA:897,0
FN:897,VotingController.setUnclaimedDelay
FNDA:0,VotingController.setUnclaimedDelay
DA:898,0
BRDA:898,99,0,-
BRDA:898,99,1,-
DA:899,0
BRDA:899,100,0,-
BRDA:899,100,1,-
DA:901,0
DA:902,0
DA:906,0
FN:906,VotingController.setDelegateRegistrationFee
FNDA:0,VotingController.setDelegateRegistrationFee
DA:909,0
DA:910,0
DA:923,0
FN:923,VotingController.createPool
FNDA:0,VotingController.createPool
DA:925,0
DA:926,0
BRDA:926,101,0,-
BRDA:926,101,1,-
DA:929,0
BRDA:929,102,0,-
DA:930,0
DA:931,0
BRDA:931,103,0,-
BRDA:931,103,1,-
DA:935,0
DA:937,0
DA:938,0
DA:941,0
DA:942,0
DA:946,0
DA:948,0
DA:950,0
DA:952,0
DA:976,0
FN:976,VotingController.removePool
FNDA:0,VotingController.removePool
DA:977,0
BRDA:977,104,0,-
BRDA:977,104,1,-
DA:979,0
DA:983,0
BRDA:983,105,0,-
BRDA:983,105,1,-
DA:986,0
BRDA:986,106,0,-
DA:987,0
DA:988,0
BRDA:988,107,0,-
BRDA:988,107,1,-
DA:991,0
DA:993,0
DA:995,0
DA:1009,0
FN:1009,VotingController._applyPendingFeeIfNeeded
FNDA:0,VotingController._applyPendingFeeIfNeeded
DA:1010,0
DA:1013,0
BRDA:1013,108,0,-
DA:1014,0
BRDA:1014,109,0,-
DA:1017,0
DA:1018,0
DA:1025,0
DA:1030,0
DA:1035,0
FN:1035,VotingController._claimDelegateRewards
FNDA:0,VotingController._claimDelegateRewards
DA:1036,0
DA:1037,0
DA:1038,0
DA:1039,0
DA:1042,0
BRDA:1042,110,0,-
BRDA:1042,110,1,-
DA:1043,0
BRDA:1043,111,0,-
BRDA:1043,111,1,-
DA:1046,0
DA:1047,0
DA:1048,0
DA:1050,0
BRDA:1050,112,0,-
DA:1052,0
DA:1053,0
BRDA:1053,113,0,-
DA:1056,0
DA:1059,0
DA:1060,0
DA:1063,0
DA:1064,0
BRDA:1064,114,0,-
DA:1067,0
DA:1070,0
DA:1071,0
DA:1074,0
DA:1075,0
DA:1078,0
BRDA:1078,115,0,-
DA:1081,0
DA:1082,0
DA:1083,0
DA:1088,0
DA:1091,0
DA:1092,0
DA:1095,0
BRDA:1095,116,0,-
DA:1096,0
DA:1097,0
DA:1101,0
DA:1103,0
DA:1108,0
FN:1108,VotingController._generatePoolId
FNDA:0,VotingController._generatePoolId
DA:1109,0
DA:1114,0
FN:1114,VotingController._veMoca
FNDA:0,VotingController._veMoca
DA:1115,0
DA:1119,0
FN:1119,VotingController._esMoca
FNDA:0,VotingController._esMoca
DA:1120,0
DA:1124,0
FN:1124,VotingController._moca
FNDA:0,VotingController._moca
DA:1125,0
DA:1131,0
FN:1131,VotingController.onlyCronJob
FNDA:0,VotingController.onlyCronJob
DA:1132,0
DA:1133,0
BRDA:1133,117,0,-
BRDA:1133,117,1,-
DA:1138,0
FN:1138,VotingController.onlyVotingControllerAdmin
FNDA:0,VotingController.onlyVotingControllerAdmin
DA:1139,0
DA:1140,0
BRDA:1140,118,0,-
BRDA:1140,118,1,-
DA:1145,0
FN:1145,VotingController.onlyAssetManager
FNDA:0,VotingController.onlyAssetManager
DA:1146,0
DA:1147,0
BRDA:1147,119,0,-
BRDA:1147,119,1,-
DA:1152,0
FN:1152,VotingController.onlyMonitor
FNDA:0,VotingController.onlyMonitor
DA:1153,0
DA:1154,0
BRDA:1154,120,0,-
BRDA:1154,120,1,-
DA:1159,0
FN:1159,VotingController.onlyGlobalAdmin
FNDA:0,VotingController.onlyGlobalAdmin
DA:1160,0
DA:1161,0
BRDA:1161,121,0,-
BRDA:1161,121,1,-
DA:1166,0
FN:1166,VotingController.onlyEmergencyExitHandler
FNDA:0,VotingController.onlyEmergencyExitHandler
DA:1167,0
DA:1168,0
BRDA:1168,122,0,-
BRDA:1168,122,1,-
DA:1179,0
FN:1179,VotingController.pause
FNDA:0,VotingController.pause
DA:1180,0
BRDA:1180,123,0,-
DA:1181,0
DA:1188,0
FN:1188,VotingController.unpause
FNDA:0,VotingController.unpause
DA:1189,0
BRDA:1189,124,0,-
DA:1190,0
DA:1198,0
FN:1198,VotingController.freeze
FNDA:0,VotingController.freeze
DA:1199,0
BRDA:1199,125,0,-
DA:1200,0
DA:1201,0
DA:1211,0
FN:1211,VotingController.emergencyExit
FNDA:0,VotingController.emergencyExit
DA:1212,0
BRDA:1212,126,0,-
DA:1215,0
DA:1216,0
BRDA:1216,127,0,-
BRDA:1216,127,1,-
DA:1219,0
DA:1220,0
DA:1223,0
DA:1224,0
DA:1226,0
DA:1242,0
FN:1242,VotingController.getUserDelegatePoolGrossRewards
FNDA:0,VotingController.getUserDelegatePoolGrossRewards
DA:1243,0
BRDA:1243,128,0,-
BRDA:1243,128,1,-
DA:1244,0
BRDA:1244,129,0,-
BRDA:1244,129,1,-
DA:1246,0
DA:1249,0
DA:1250,0
DA:1251,0
DA:1252,0
DA:1255,0
FNF:38
FNH:0
LF:421
LH:0
BRF:225
BRH:0
end_of_record
TN:
SF:src/VotingEscrowMoca.sol
DA:86,0
FN:86,VotingEscrowMoca.constructor
FNDA:0,VotingEscrowMoca.constructor
DA:87,0
BRDA:87,0,0,-
BRDA:87,0,1,-
DA:88,0
DA:106,0
FN:106,VotingEscrowMoca.createLock
FNDA:0,VotingEscrowMoca.createLock
DA:107,0
DA:119,0
FN:119,VotingEscrowMoca.increaseAmount
FNDA:0,VotingEscrowMoca.increaseAmount
DA:120,0
DA:122,0
BRDA:122,1,0,-
BRDA:122,1,1,-
DA:123,0
BRDA:123,2,0,-
BRDA:123,2,1,-
DA:127,0
BRDA:127,3,0,-
BRDA:127,3,1,-
DA:131,0
DA:132,0
DA:135,0
DA:142,0
DA:151,0
DA:152,0
DA:153,0
DA:156,0
DA:159,0
DA:160,0
DA:166,0
BRDA:166,4,0,-
DA:167,0
DA:168,0
DA:170,0
BRDA:170,5,0,-
DA:171,0
DA:172,0
DA:185,0
FN:185,VotingEscrowMoca.increaseDuration
FNDA:0,VotingEscrowMoca.increaseDuration
DA:187,0
BRDA:187,6,0,-
BRDA:187,6,1,-
DA:189,0
DA:191,0
BRDA:191,7,0,-
BRDA:191,7,1,-
DA:192,0
BRDA:192,8,0,-
BRDA:192,8,1,-
DA:193,0
BRDA:193,9,0,-
BRDA:193,9,1,-
DA:197,0
DA:198,0
BRDA:198,10,0,-
BRDA:198,10,1,-
DA:201,0
DA:202,0
DA:205,0
DA:212,0
DA:221,0
DA:222,0
DA:225,0
DA:228,0
DA:229,0
DA:240,0
FN:240,VotingEscrowMoca.unlock
FNDA:0,VotingEscrowMoca.unlock
DA:241,0
DA:243,0
BRDA:243,11,0,-
BRDA:243,11,1,-
DA:244,0
BRDA:244,12,0,-
BRDA:244,12,1,-
DA:245,0
BRDA:245,13,0,-
BRDA:245,13,1,-
DA:246,0
BRDA:246,14,0,-
BRDA:246,14,1,-
DA:249,0
DA:250,0
DA:253,0
DA:258,0
DA:261,0
DA:262,0
DA:263,0
DA:266,0
DA:269,0
DA:270,0
DA:273,0
DA:274,0
DA:276,0
DA:279,0
BRDA:279,15,0,-
DA:280,0
BRDA:280,16,0,-
DA:309,0
FN:309,VotingEscrowMoca.delegateLock
FNDA:0,VotingEscrowMoca.delegateLock
DA:311,0
BRDA:311,17,0,-
BRDA:311,17,1,-
DA:312,0
BRDA:312,18,0,-
BRDA:312,18,1,-
DA:313,0
BRDA:313,19,0,-
BRDA:313,19,1,-
DA:315,0
DA:318,0
BRDA:318,20,0,-
BRDA:318,20,1,-
DA:319,0
BRDA:319,21,0,-
BRDA:319,21,1,-
DA:323,0
BRDA:323,22,0,-
BRDA:323,22,1,-
DA:326,0
DA:327,0
DA:330,0
DA:333,0
DA:334,0
DA:335,0
DA:340,0
DA:343,0
DA:344,0
DA:345,0
DA:348,0
DA:351,0
DA:352,0
DA:356,0
DA:360,0
DA:375,0
FN:375,VotingEscrowMoca.undelegateLock
FNDA:0,VotingEscrowMoca.undelegateLock
DA:376,0
DA:379,0
BRDA:379,23,0,-
BRDA:379,23,1,-
DA:380,0
BRDA:380,24,0,-
BRDA:380,24,1,-
DA:381,0
BRDA:381,25,0,-
BRDA:381,25,1,-
DA:382,0
BRDA:382,26,0,-
BRDA:382,26,1,-
DA:393,0
DA:394,0
DA:397,0
DA:400,0
DA:401,0
DA:402,0
DA:405,0
DA:408,0
DA:409,0
DA:410,0
DA:413,0
DA:417,0
DA:420,0
DA:424,0
DA:426,0
DA:438,0
FN:438,VotingEscrowMoca.switchDelegate
FNDA:0,VotingEscrowMoca.switchDelegate
DA:440,0
BRDA:440,27,0,-
BRDA:440,27,1,-
DA:441,0
BRDA:441,28,0,-
BRDA:441,28,1,-
DA:442,0
BRDA:442,29,0,-
BRDA:442,29,1,-
DA:444,0
DA:447,0
BRDA:447,30,0,-
BRDA:447,30,1,-
DA:448,0
BRDA:448,31,0,-
BRDA:448,31,1,-
DA:449,0
BRDA:449,32,0,-
BRDA:449,32,1,-
DA:453,0
BRDA:453,33,0,-
BRDA:453,33,1,-
DA:457,0
DA:458,0
DA:461,0
DA:464,0
DA:465,0
DA:466,0
DA:470,0
DA:473,0
DA:474,0
DA:475,0
DA:478,0
DA:482,0
DA:483,0
DA:486,0
DA:487,0
DA:490,0
DA:492,0
DA:499,0
FN:499,VotingEscrowMoca.createLockFor
FNDA:0,VotingEscrowMoca.createLockFor
DA:500,0
DA:507,0
FN:507,VotingEscrowMoca.registerAsDelegate
FNDA:0,VotingEscrowMoca.registerAsDelegate
DA:508,0
BRDA:508,34,0,-
BRDA:508,34,1,-
DA:511,0
DA:514,0
DA:517,0
FN:517,VotingEscrowMoca.unregisterAsDelegate
FNDA:0,VotingEscrowMoca.unregisterAsDelegate
DA:518,0
BRDA:518,35,0,-
BRDA:518,35,1,-
DA:519,0
DA:522,0
DA:529,0
FN:529,VotingEscrowMoca._createLockFor
FNDA:0,VotingEscrowMoca._createLockFor
DA:530,0
BRDA:530,36,0,-
BRDA:530,36,1,-
DA:531,0
BRDA:531,37,0,-
BRDA:531,37,1,-
DA:534,0
DA:535,0
BRDA:535,38,0,-
BRDA:535,38,1,-
DA:537,0
BRDA:537,39,0,-
BRDA:537,39,1,-
DA:538,0
BRDA:538,40,0,-
BRDA:538,40,1,-
DA:542,0
BRDA:542,41,0,-
BRDA:542,41,1,-
DA:544,0
DA:546,0
BRDA:546,42,0,-
DA:547,0
BRDA:547,43,0,-
BRDA:547,43,1,-
DA:548,0
BRDA:548,44,0,-
BRDA:548,44,1,-
DA:549,0
DA:555,0
DA:557,0
DA:558,0
DA:559,0
DA:562,0
DA:563,0
DA:564,0
DA:565,0
DA:566,0
DA:567,0
DA:568,0
DA:570,0
DA:573,0
DA:574,0
DA:577,0
DA:582,0
DA:585,0
DA:591,0
DA:594,0
DA:595,0
DA:598,0
DA:599,0
DA:603,0
DA:604,0
DA:607,0
DA:608,0
DA:611,0
DA:614,0
BRDA:614,45,0,-
DA:615,0
DA:616,0
DA:618,0
BRDA:618,46,0,-
DA:619,0
DA:620,0
DA:623,0
DA:627,0
FN:627,VotingEscrowMoca._generateLockId
FNDA:0,VotingEscrowMoca._generateLockId
DA:628,0
DA:632,0
FN:632,VotingEscrowMoca._updateGlobal
FNDA:0,VotingEscrowMoca._updateGlobal
DA:634,0
BRDA:634,47,0,-
DA:636,0
DA:640,0
BRDA:640,48,0,-
DA:641,0
DA:642,0
DA:646,0
DA:648,0
DA:651,0
DA:653,0
DA:657,0
DA:659,0
DA:669,0
FN:669,VotingEscrowMoca._updateAccountAndGlobal
FNDA:0,VotingEscrowMoca._updateAccountAndGlobal
DA:679,0
DA:684,0
DA:687,0
DA:688,0
DA:691,0
DA:694,0
DA:697,0
DA:700,0
BRDA:700,49,0,-
DA:703,0
DA:707,0
DA:709,0
DA:713,0
DA:716,0
DA:717,0
BRDA:717,50,0,-
DA:720,0
DA:722,0
DA:725,0
BRDA:725,51,0,-
DA:728,0
DA:730,0
DA:734,0
DA:735,0
DA:738,0
DA:742,0
DA:743,0
DA:746,0
DA:751,0
FN:751,VotingEscrowMoca._modifyPosition
FNDA:0,VotingEscrowMoca._modifyPosition
DA:762,0
DA:763,0
DA:766,0
DA:769,0
DA:770,0
DA:773,0
DA:774,0
DA:775,0
DA:778,0
DA:780,0
DA:795,0
FN:795,VotingEscrowMoca._subtractExpired
FNDA:0,VotingEscrowMoca._subtractExpired
DA:796,0
DA:799,0
DA:800,0
DA:801,0
DA:805,0
FN:805,VotingEscrowMoca._sub
FNDA:0,VotingEscrowMoca._sub
DA:806,0
DA:807,0
DA:808,0
DA:810,0
DA:814,0
FN:814,VotingEscrowMoca._add
FNDA:0,VotingEscrowMoca._add
DA:815,0
DA:816,0
DA:817,0
DA:819,0
DA:823,0
FN:823,VotingEscrowMoca._getValueAt
FNDA:0,VotingEscrowMoca._getValueAt
DA:824,0
BRDA:824,52,0,-
DA:825,0
DA:828,0
DA:832,0
FN:832,VotingEscrowMoca._convertToVeBalance
FNDA:0,VotingEscrowMoca._convertToVeBalance
DA:833,0
DA:835,0
DA:836,0
DA:838,0
DA:841,0
FN:841,VotingEscrowMoca._pushCheckpoint
FNDA:0,VotingEscrowMoca._pushCheckpoint
DA:842,0
DA:845,0
BRDA:845,53,0,-
BRDA:845,53,1,-
DA:846,0
DA:850,0
DA:855,0
FN:855,VotingEscrowMoca._mocaToken
FNDA:0,VotingEscrowMoca._mocaToken
DA:856,0
DA:860,0
FN:860,VotingEscrowMoca._esMocaToken
FNDA:0,VotingEscrowMoca._esMocaToken
DA:861,0
DA:867,0
FN:867,VotingEscrowMoca.onlyMonitorRole
FNDA:0,VotingEscrowMoca.onlyMonitorRole
DA:868,0
DA:869,0
BRDA:869,54,0,-
BRDA:869,54,1,-
DA:874,0
FN:874,VotingEscrowMoca.onlyCronJobRole
FNDA:0,VotingEscrowMoca.onlyCronJobRole
DA:875,0
DA:876,0
BRDA:876,55,0,-
BRDA:876,55,1,-
DA:881,0
FN:881,VotingEscrowMoca.onlyGlobalAdminRole
FNDA:0,VotingEscrowMoca.onlyGlobalAdminRole
DA:882,0
DA:883,0
BRDA:883,56,0,-
BRDA:883,56,1,-
DA:888,0
FN:888,VotingEscrowMoca.onlyEmergencyExitHandlerRole
FNDA:0,VotingEscrowMoca.onlyEmergencyExitHandlerRole
DA:889,0
DA:890,0
BRDA:890,57,0,-
BRDA:890,57,1,-
DA:898,0
FN:898,VotingEscrowMoca.onlyVotingControllerContract
FNDA:0,VotingEscrowMoca.onlyVotingControllerContract
DA:899,0
DA:900,0
BRDA:900,58,0,-
BRDA:900,58,1,-
DA:906,0
FN:906,VotingEscrowMoca.transfer
FNDA:0,VotingEscrowMoca.transfer
DA:907,0
DA:910,0
FN:910,VotingEscrowMoca.transferFrom
FNDA:0,VotingEscrowMoca.transferFrom
DA:911,0
DA:919,0
FN:919,VotingEscrowMoca.pause
FNDA:0,VotingEscrowMoca.pause
DA:920,0
BRDA:920,59,0,-
DA:921,0
DA:927,0
FN:927,VotingEscrowMoca.unpause
FNDA:0,VotingEscrowMoca.unpause
DA:928,0
BRDA:928,60,0,-
DA:929,0
DA:938,0
FN:938,VotingEscrowMoca.freeze
FNDA:0,VotingEscrowMoca.freeze
DA:939,0
BRDA:939,61,0,-
DA:941,0
DA:942,0
DA:954,0
FN:954,VotingEscrowMoca.emergencyExit
FNDA:0,VotingEscrowMoca.emergencyExit
DA:955,0
BRDA:955,62,0,-
BRDA:955,62,1,-
DA:956,0
BRDA:956,63,0,-
BRDA:956,63,1,-
DA:959,0
DA:960,0
DA:963,0
DA:964,0
DA:965,0
DA:968,0
DA:969,0
DA:972,0
BRDA:972,64,0,-
DA:975,0
DA:976,0
DA:979,0
DA:982,0
DA:983,0
DA:984,0
BRDA:984,65,0,-
DA:989,0
BRDA:989,66,0,-
DA:990,0
DA:991,0
DA:992,0
DA:996,0
BRDA:996,67,0,-
DA:997,0
DA:998,0
DA:999,0
DA:1004,0
DA:1007,0
DA:1009,0
DA:1012,0
BRDA:1012,68,0,-
DA:1013,0
DA:1016,0
DA:1022,0
FN:1022,VotingEscrowMoca._viewGlobal
FNDA:0,VotingEscrowMoca._viewGlobal
DA:1024,0
BRDA:1024,69,0,-
DA:1027,0
BRDA:1027,70,0,-
DA:1028,0
DA:1029,0
DA:1033,0
DA:1035,0
DA:1038,0
DA:1042,0
DA:1046,0
FN:1046,VotingEscrowMoca._viewAccount
FNDA:0,VotingEscrowMoca._viewAccount
DA:1048,0
DA:1051,0
DA:1055,0
DA:1060,0
DA:1063,0
BRDA:1063,71,0,-
DA:1066,0
DA:1069,0
DA:1072,0
BRDA:1072,72,0,-
DA:1075,0
DA:1077,0
DA:1080,0
DA:1081,0
DA:1084,0
DA:1096,0
FN:1096,VotingEscrowMoca.totalSupply
FNDA:0,VotingEscrowMoca.totalSupply
DA:1097,0
BRDA:1097,73,0,-
DA:1100,0
DA:1102,0
DA:1113,0
FN:1113,VotingEscrowMoca.totalSupplyInFuture
FNDA:0,VotingEscrowMoca.totalSupplyInFuture
DA:1114,0
BRDA:1114,74,0,-
DA:1115,0
BRDA:1115,75,0,-
BRDA:1115,75,1,-
DA:1117,0
DA:1118,0
DA:1130,0
FN:1130,VotingEscrowMoca.balanceOf.0
FNDA:0,VotingEscrowMoca.balanceOf.0
DA:1131,0
BRDA:1131,76,0,-
BRDA:1131,76,1,-
DA:1132,0
BRDA:1132,77,0,-
DA:1133,0
DA:1143,0
FN:1143,VotingEscrowMoca.balanceOf.1
FNDA:0,VotingEscrowMoca.balanceOf.1
DA:1144,0
BRDA:1144,78,0,-
BRDA:1144,78,1,-
DA:1145,0
BRDA:1145,79,0,-
DA:1146,0
DA:1147,0
DA:1161,0
FN:1161,VotingEscrowMoca.balanceOfAt
FNDA:0,VotingEscrowMoca.balanceOfAt
DA:1162,0
BRDA:1162,80,0,-
BRDA:1162,80,1,-
DA:1163,0
BRDA:1163,81,0,-
DA:1164,0
BRDA:1164,82,0,-
BRDA:1164,82,1,-
DA:1167,0
DA:1170,0
DA:1173,0
DA:1185,0
FN:1185,VotingEscrowMoca.balanceAtEpochEnd
FNDA:0,VotingEscrowMoca.balanceAtEpochEnd
DA:1186,0
BRDA:1186,83,0,-
BRDA:1186,83,1,-
DA:1187,0
BRDA:1187,84,0,-
DA:1188,0
DA:1191,0
DA:1194,0
DA:1205,0
FN:1205,VotingEscrowMoca.getSpecificDelegatedBalanceAtEpochEnd
FNDA:0,VotingEscrowMoca.getSpecificDelegatedBalanceAtEpochEnd
DA:1206,0
BRDA:1206,85,0,-
BRDA:1206,85,1,-
DA:1207,0
BRDA:1207,86,0,-
BRDA:1207,86,1,-
DA:1208,0
BRDA:1208,87,0,-
DA:1209,0
DA:1210,0
DA:1221,0
FN:1221,VotingEscrowMoca.getLockHistoryLength
FNDA:0,VotingEscrowMoca.getLockHistoryLength
DA:1222,0
DA:1233,0
FN:1233,VotingEscrowMoca.getLockCurrentVeBalance
FNDA:0,VotingEscrowMoca.getLockCurrentVeBalance
DA:1235,0
DA:1246,0
FN:1246,VotingEscrowMoca.getLockCurrentVotingPower
FNDA:0,VotingEscrowMoca.getLockCurrentVotingPower
DA:1247,0
DA:1259,0
FN:1259,VotingEscrowMoca.getLockVeBalanceAt
FNDA:0,VotingEscrowMoca.getLockVeBalanceAt
DA:1260,0
BRDA:1260,88,0,-
BRDA:1260,88,1,-
DA:1262,0
DA:1263,0
DA:1264,0
BRDA:1264,89,0,-
DA:1267,0
DA:1268,0
DA:1271,0
BRDA:1271,90,0,-
DA:1274,0
BRDA:1274,91,0,-
DA:1278,0
DA:1279,0
DA:1280,0
BRDA:1280,92,0,-
BRDA:1280,92,1,-
DA:1281,0
DA:1283,0
DA:1288,0
FNF:48
FNH:0
LF:416
LH:0
BRF:151
BRH:0
end_of_record
TN:
SF:src/archive (ignore)/utils/RevertMsgExtractor.sol
DA:10,0
FN:10,RevertMsgExtractor.getRevertMsg
FNDA:0,RevertMsgExtractor.getRevertMsg
DA:15,0
BRDA:15,0,0,-
DA:19,0
DA:21,0
FNF:1
FNH:0
LF:4
LH:0
BRF:1
BRH:0
end_of_record
TN:
SF:src/libraries/EpochMath.sol
DA:27,0
FN:27,EpochMath.getEpochNumber
FNDA:0,EpochMath.getEpochNumber
DA:28,0
DA:32,0
FN:32,EpochMath.getCurrentEpochNumber
FNDA:0,EpochMath.getCurrentEpochNumber
DA:33,0
DA:37,0
FN:37,EpochMath.getEpochStartForTimestamp
FNDA:0,EpochMath.getEpochStartForTimestamp
DA:39,0
DA:43,0
FN:43,EpochMath.getEpochEndForTimestamp
FNDA:0,EpochMath.getEpochEndForTimestamp
DA:44,0
DA:49,0
FN:49,EpochMath.getCurrentEpochStart
FNDA:0,EpochMath.getCurrentEpochStart
DA:50,0
DA:54,0
FN:54,EpochMath.getCurrentEpochEnd
FNDA:0,EpochMath.getCurrentEpochEnd
DA:55,0
DA:58,0
FN:58,EpochMath.getEpochStartTimestamp
FNDA:0,EpochMath.getEpochStartTimestamp
DA:59,0
DA:63,0
FN:63,EpochMath.getEpochEndTimestamp
FNDA:0,EpochMath.getEpochEndTimestamp
DA:65,0
DA:69,0
FN:69,EpochMath.isValidEpochTime
FNDA:0,EpochMath.isValidEpochTime
DA:70,0
FNF:9
FNH:0
LF:18
LH:0
BRF:0
BRH:0
end_of_record
TN:
SF:test/AddressBook.t.sol
DA:30,21
FN:30,State_DeployAddressBook.setUp.0
FNDA:21,State_DeployAddressBook.setUp.0
DA:31,21
DA:220,9
FN:220,State_Paused.setUp.1
FNDA:9,State_Paused.setUp.1
DA:221,0
DA:223,9
DA:224,9
DA:318,3
FN:318,State_Frozen.setUp.2
FNDA:3,State_Frozen.setUp.2
DA:319,0
DA:321,3
DA:322,3
FNF:3
FNH:3
LF:10
LH:8
BRF:0
BRH:0
end_of_record
TN:
SF:test/utils/MockMoca.sol
DA:9,0
FN:9,MockMoca.mint
FNDA:0,MockMoca.mint
DA:10,0
DA:13,0
FN:13,MockMoca.burn
FNDA:0,MockMoca.burn
DA:14,0
DA:17,0
FN:17,MockMoca.decimals
FNDA:0,MockMoca.decimals
DA:18,0
FNF:3
FNH:0
LF:6
LH:0
BRF:0
BRH:0
end_of_record
TN:
SF:test/utils/MockUSD8.sol
DA:10,0
FN:10,MockUSD8.mint
FNDA:0,MockUSD8.mint
DA:11,0
DA:14,0
FN:14,MockUSD8.burn
FNDA:0,MockUSD8.burn
DA:15,0
DA:18,0
FN:18,MockUSD8.decimals
FNDA:0,MockUSD8.decimals
DA:19,0
FNF:3
FNH:0
LF:6
LH:0
BRF:0
BRH:0
end_of_record
TN:
SF:test/utils/TestingHarness.sol
DA:116,0
FN:116,TestingHarness.setUp
FNDA:0,TestingHarness.setUp
DA:119,0
DA:120,0
DA:121,0
DA:124,0
DA:125,0
DA:128,0
DA:129,0
DA:132,0
DA:133,0
DA:134,0
DA:135,0
DA:136,0
DA:139,0
DA:140,0
DA:141,0
DA:142,0
DA:143,0
DA:144,0
DA:145,0
DA:146,0
DA:147,0
DA:148,0
DA:149,0
DA:151,0
DA:152,0
DA:153,0
DA:154,0
DA:158,0
DA:161,0
DA:162,0
DA:163,0
DA:177,0
DA:178,0
DA:179,0
DA:180,0
DA:181,0
DA:182,0
DA:204,0
FN:204,TestingHarness.generateDeductBalanceSignature
FNDA:0,TestingHarness.generateDeductBalanceSignature
DA:214,0
DA:225,0
DA:238,0
DA:241,0
DA:242,0
DA:255,0
FN:255,TestingHarness.generateDeductBalanceZeroFeeSignature
FNDA:0,TestingHarness.generateDeductBalanceZeroFeeSignature
DA:264,0
DA:275,0
DA:287,0
DA:290,0
DA:291,0
DA:299,0
FN:299,TestingHarness.getVerifierNonce
FNDA:0,TestingHarness.getVerifierNonce
DA:300,0
FNF:4
FNH:0
LF:52
LH:0
BRF:0
BRH:0
end_of_record
